#
# There is insufficient memory for the Java Runtime Environment to continue.
# Native memory allocation (malloc) failed to allocate 768976 bytes for Chunk::new
# Possible reasons:
#   The system is out of physical RAM or swap space
#   The process is running with CompressedOops enabled, and the Java Heap may be blocking the growth of the native heap
# Possible solutions:
#   Reduce memory load on the system
#   Increase physical memory or swap space
#   Check if swap backing store is full
#   Decrease Java heap size (-Xmx/-Xms)
#   Decrease number of Java threads
#   Decrease Java thread stack sizes (-Xss)
#   Set larger code cache with -XX:ReservedCodeCacheSize=
#   JVM is running with Unscaled Compressed Oops mode in which the Java heap is
#     placed in the first 4GB address space. The Java Heap base address is the
#     maximum limit for the native heap growth. Please use -XX:HeapBaseMinAddress
#     to set the Java Heap base and to place the Java Heap above 4GB virtual address.
# This output file may be truncated or incomplete.
#
#  Out of Memory Error (allocation.cpp:389), pid=6536, tid=0x0000000000003248
#
# JRE version: OpenJDK Runtime Environment (8.0_242-b01) (build 1.8.0_242-release-1644-b01)
# Java VM: OpenJDK 64-Bit Server VM (25.242-b01 mixed mode windows-amd64 compressed oops)
# Failed to write core dump. Minidumps are not enabled by default on client versions of Windows
#

---------------  T H R E A D  ---------------

Current thread (0x0000000019322800):  JavaThread "C2 CompilerThread0" daemon [_thread_in_native, id=12872, stack(0x0000000019bf0000,0x0000000019cf0000)]

Stack: [0x0000000019bf0000,0x0000000019cf0000]
[error occurred during error reporting (printing stack bounds), id 0xc0000005]

Native frames: (J=compiled Java code, j=interpreted, Vv=VM code, C=native code)


Current CompileTask:
C2:  46474 10622       4       com.sun.tools.javac.util.Convert::quote (42 bytes)


---------------  P R O C E S S  ---------------

Java Threads: ( => current thread )
  0x000000001e554800 JavaThread "WorkerExecutor Queue" [_thread_in_native, id=13720, stack(0x000000002e750000,0x000000002e850000)]
  0x000000001e54e800 JavaThread "Cache worker for execution history cache (C:\Users\dinij\AndroidStudioProjects\master\.gradle\6.9\executionHistory)" [_thread_blocked, id=4536, stack(0x000000002db40000,0x000000002dc40000)]
  0x000000001e553000 JavaThread "Execution worker for ':' Thread 7" [_thread_blocked, id=12276, stack(0x000000002da40000,0x000000002db40000)]
  0x000000001e54b800 JavaThread "Execution worker for ':' Thread 6" [_thread_blocked, id=4032, stack(0x000000002d940000,0x000000002da40000)]
  0x000000001e552000 JavaThread "Execution worker for ':' Thread 5" [_thread_blocked, id=15992, stack(0x000000002d840000,0x000000002d940000)]
  0x000000001e54a800 JavaThread "Execution worker for ':' Thread 4" [_thread_blocked, id=19812, stack(0x000000002d740000,0x000000002d840000)]
  0x000000001e550800 JavaThread "Execution worker for ':' Thread 3" [_thread_blocked, id=14396, stack(0x000000002d640000,0x000000002d740000)]
  0x000000001e551800 JavaThread "Execution worker for ':' Thread 2" [_thread_blocked, id=3568, stack(0x000000002d540000,0x000000002d640000)]
  0x000000001e54d800 JavaThread "Execution worker for ':'" [_thread_blocked, id=2480, stack(0x000000002d440000,0x000000002d540000)]
  0x000000001e550000 JavaThread "Memory manager" [_thread_blocked, id=4068, stack(0x000000002c140000,0x000000002c240000)]
  0x000000001e54d000 JavaThread "jar transforms Thread 114" [_thread_blocked, id=352, stack(0x000000002b840000,0x000000002b940000)]
  0x000000001e54f000 JavaThread "jar transforms Thread 113" [_thread_blocked, id=19140, stack(0x000000002b740000,0x000000002b840000)]
  0x000000002181a000 JavaThread "jar transforms Thread 112" [_thread_blocked, id=19380, stack(0x000000002b640000,0x000000002b740000)]
  0x0000000021818000 JavaThread "jar transforms Thread 111" [_thread_blocked, id=15328, stack(0x000000002b540000,0x000000002b640000)]
  0x0000000021819800 JavaThread "jar transforms Thread 110" [_thread_blocked, id=15368, stack(0x000000002b440000,0x000000002b540000)]
  0x0000000021818800 JavaThread "jar transforms Thread 109" [_thread_blocked, id=7996, stack(0x000000002b340000,0x000000002b440000)]
  0x000000002181b800 JavaThread "jar transforms Thread 108" [_thread_blocked, id=11280, stack(0x000000002b240000,0x000000002b340000)]
  0x0000000021817000 JavaThread "jar transforms Thread 107" [_thread_blocked, id=7480, stack(0x000000002b140000,0x000000002b240000)]
  0x000000002181b000 JavaThread "jar transforms Thread 106" [_thread_blocked, id=10524, stack(0x000000002b040000,0x000000002b140000)]
  0x0000000021816800 JavaThread "jar transforms Thread 105" [_thread_blocked, id=3392, stack(0x000000002af40000,0x000000002b040000)]
  0x000000002180f000 JavaThread "jar transforms Thread 104" [_thread_blocked, id=17572, stack(0x000000002ae40000,0x000000002af40000)]
  0x0000000021815800 JavaThread "jar transforms Thread 103" [_thread_blocked, id=348, stack(0x000000002ad40000,0x000000002ae40000)]
  0x0000000021815000 JavaThread "jar transforms Thread 102" [_thread_blocked, id=16512, stack(0x000000002ac40000,0x000000002ad40000)]
  0x0000000021814000 JavaThread "jar transforms Thread 101" [_thread_blocked, id=9036, stack(0x000000002ab40000,0x000000002ac40000)]
  0x0000000021812800 JavaThread "jar transforms Thread 100" [_thread_blocked, id=2164, stack(0x000000002aa40000,0x000000002ab40000)]
  0x000000002180e000 JavaThread "jar transforms Thread 99" [_thread_blocked, id=15412, stack(0x000000002a940000,0x000000002aa40000)]
  0x0000000021810800 JavaThread "jar transforms Thread 98" [_thread_blocked, id=11760, stack(0x000000002a840000,0x000000002a940000)]
  0x0000000021812000 JavaThread "jar transforms Thread 97" [_thread_blocked, id=7812, stack(0x000000002a740000,0x000000002a840000)]
  0x000000002180f800 JavaThread "jar transforms Thread 96" [_thread_blocked, id=13792, stack(0x000000002a640000,0x000000002a740000)]
  0x0000000021811000 JavaThread "jar transforms Thread 95" [_thread_blocked, id=14744, stack(0x000000002a540000,0x000000002a640000)]
  0x000000002180d800 JavaThread "jar transforms Thread 94" [_thread_blocked, id=5432, stack(0x000000002a440000,0x000000002a540000)]
  0x000000002180c800 JavaThread "jar transforms Thread 93" [_thread_blocked, id=16168, stack(0x000000002a340000,0x000000002a440000)]
  0x0000000021813800 JavaThread "jar transforms Thread 92" [_thread_blocked, id=3048, stack(0x000000002a240000,0x000000002a340000)]
  0x000000001b145800 JavaThread "jar transforms Thread 91" [_thread_blocked, id=10876, stack(0x000000002a140000,0x000000002a240000)]
  0x000000001b149000 JavaThread "jar transforms Thread 90" [_thread_blocked, id=15188, stack(0x000000002a040000,0x000000002a140000)]
  0x000000001b144800 JavaThread "jar transforms Thread 89" [_thread_blocked, id=3724, stack(0x0000000029e40000,0x0000000029f40000)]
  0x000000001b142800 JavaThread "jar transforms Thread 88" [_thread_blocked, id=17592, stack(0x0000000029d40000,0x0000000029e40000)]
  0x000000001b141800 JavaThread "jar transforms Thread 87" [_thread_blocked, id=3960, stack(0x0000000029c40000,0x0000000029d40000)]
  0x000000001b144000 JavaThread "jar transforms Thread 86" [_thread_blocked, id=9520, stack(0x0000000029b40000,0x0000000029c40000)]
  0x000000001b148800 JavaThread "jar transforms Thread 85" [_thread_blocked, id=1460, stack(0x0000000029a40000,0x0000000029b40000)]
  0x000000001b147800 JavaThread "jar transforms Thread 84" [_thread_blocked, id=4464, stack(0x0000000029940000,0x0000000029a40000)]
  0x000000001b141000 JavaThread "jar transforms Thread 83" [_thread_blocked, id=13788, stack(0x0000000029840000,0x0000000029940000)]
  0x000000001b143000 JavaThread "jar transforms Thread 82" [_thread_blocked, id=12824, stack(0x0000000029740000,0x0000000029840000)]
  0x000000001b146000 JavaThread "jar transforms Thread 81" [_thread_blocked, id=8700, stack(0x0000000029640000,0x0000000029740000)]
  0x000000001b147000 JavaThread "jar transforms Thread 80" [_thread_blocked, id=15952, stack(0x0000000029540000,0x0000000029640000)]
  0x000000001b13b800 JavaThread "jar transforms Thread 79" [_thread_blocked, id=10636, stack(0x0000000029440000,0x0000000029540000)]
  0x000000001b13f800 JavaThread "jar transforms Thread 78" [_thread_blocked, id=20220, stack(0x0000000029340000,0x0000000029440000)]
  0x000000001b13e800 JavaThread "jar transforms Thread 77" [_thread_blocked, id=11512, stack(0x0000000029240000,0x0000000029340000)]
  0x000000001b13e000 JavaThread "jar transforms Thread 76" [_thread_blocked, id=6588, stack(0x0000000029140000,0x0000000029240000)]
  0x000000001b140000 JavaThread "jar transforms Thread 75" [_thread_blocked, id=15012, stack(0x0000000029040000,0x0000000029140000)]
  0x000000001b13a000 JavaThread "jar transforms Thread 74" [_thread_blocked, id=12652, stack(0x0000000028f40000,0x0000000029040000)]
  0x000000001b13c800 JavaThread "jar transforms Thread 73" [_thread_blocked, id=8592, stack(0x0000000028e40000,0x0000000028f40000)]
  0x000000001b13d000 JavaThread "jar transforms Thread 72" [_thread_blocked, id=6612, stack(0x0000000028d40000,0x0000000028e40000)]
  0x000000001b13b000 JavaThread "jar transforms Thread 71" [_thread_blocked, id=15040, stack(0x0000000028c40000,0x0000000028d40000)]
  0x00000000194e7000 JavaThread "jar transforms Thread 70" [_thread_blocked, id=3536, stack(0x0000000028b40000,0x0000000028c40000)]
  0x00000000194e6800 JavaThread "jar transforms Thread 69" [_thread_blocked, id=18104, stack(0x0000000028a40000,0x0000000028b40000)]
  0x00000000194e5800 JavaThread "jar transforms Thread 68" [_thread_blocked, id=19008, stack(0x0000000028940000,0x0000000028a40000)]
  0x00000000194e5000 JavaThread "jar transforms Thread 67" [_thread_blocked, id=4888, stack(0x0000000028840000,0x0000000028940000)]
  0x00000000194e8800 JavaThread "jar transforms Thread 66" [_thread_blocked, id=9480, stack(0x0000000028740000,0x0000000028840000)]
  0x00000000194e8000 JavaThread "jar transforms Thread 65" [_thread_blocked, id=10000, stack(0x0000000028640000,0x0000000028740000)]
  0x00000000194e4000 JavaThread "jar transforms Thread 64" [_thread_blocked, id=1212, stack(0x0000000028540000,0x0000000028640000)]
  0x00000000194e9800 JavaThread "jar transforms Thread 63" [_thread_blocked, id=19964, stack(0x0000000028440000,0x0000000028540000)]
  0x00000000194dc800 JavaThread "jar transforms Thread 62" [_thread_blocked, id=17436, stack(0x0000000028340000,0x0000000028440000)]
  0x00000000194e3800 JavaThread "jar transforms Thread 61" [_thread_blocked, id=5540, stack(0x0000000028240000,0x0000000028340000)]
  0x00000000194db800 JavaThread "jar transforms Thread 60" [_thread_blocked, id=9620, stack(0x0000000028140000,0x0000000028240000)]
  0x00000000194e2800 JavaThread "jar transforms Thread 59" [_thread_blocked, id=5508, stack(0x0000000028040000,0x0000000028140000)]
  0x00000000194e1800 JavaThread "jar transforms Thread 58" [_thread_blocked, id=6800, stack(0x0000000027f40000,0x0000000028040000)]
  0x00000000194de800 JavaThread "jar transforms Thread 57" [_thread_blocked, id=8040, stack(0x0000000027e40000,0x0000000027f40000)]
  0x00000000194da000 JavaThread "jar transforms Thread 56" [_thread_blocked, id=2260, stack(0x0000000027d40000,0x0000000027e40000)]
  0x00000000194e1000 JavaThread "jar transforms Thread 55" [_thread_blocked, id=12400, stack(0x0000000027c40000,0x0000000027d40000)]
  0x00000000194df800 JavaThread "jar transforms Thread 54" [_thread_blocked, id=8756, stack(0x0000000027b40000,0x0000000027c40000)]
  0x00000000194db000 JavaThread "jar transforms Thread 53" [_thread_blocked, id=13440, stack(0x0000000027a40000,0x0000000027b40000)]
  0x00000000194de000 JavaThread "jar transforms Thread 52" [_thread_blocked, id=11024, stack(0x0000000027940000,0x0000000027a40000)]
  0x00000000194e0000 JavaThread "jar transforms Thread 51" [_thread_blocked, id=15540, stack(0x0000000027840000,0x0000000027940000)]
  0x00000000194dd000 JavaThread "jar transforms Thread 50" [_thread_blocked, id=20184, stack(0x0000000027740000,0x0000000027840000)]
  0x00000000215dd800 JavaThread "jar transforms Thread 49" [_thread_blocked, id=16452, stack(0x0000000027640000,0x0000000027740000)]
  0x00000000215dd000 JavaThread "jar transforms Thread 48" [_thread_blocked, id=11300, stack(0x0000000027540000,0x0000000027640000)]
  0x00000000215dc000 JavaThread "jar transforms Thread 47" [_thread_blocked, id=1612, stack(0x0000000027440000,0x0000000027540000)]
  0x00000000215de800 JavaThread "jar transforms Thread 46" [_thread_blocked, id=19664, stack(0x0000000027340000,0x0000000027440000)]
  0x00000000215db800 JavaThread "jar transforms Thread 45" [_thread_blocked, id=10352, stack(0x0000000027240000,0x0000000027340000)]
  0x00000000215da800 JavaThread "jar transforms Thread 44" [_thread_blocked, id=12768, stack(0x0000000027140000,0x0000000027240000)]
  0x00000000215d7000 JavaThread "jar transforms Thread 43" [_thread_blocked, id=11932, stack(0x0000000026e20000,0x0000000026f20000)]
  0x00000000215d6000 JavaThread "jar transforms Thread 42" [_thread_blocked, id=12620, stack(0x0000000027040000,0x0000000027140000)]
  0x00000000215d7800 JavaThread "jar transforms Thread 41" [_thread_blocked, id=8368, stack(0x0000000026f40000,0x0000000027040000)]
  0x00000000215d9000 JavaThread "jar transforms Thread 40" [_thread_blocked, id=16068, stack(0x0000000026d20000,0x0000000026e20000)]
  0x00000000215d8800 JavaThread "jar transforms Thread 39" [_thread_blocked, id=8352, stack(0x0000000026c20000,0x0000000026d20000)]
  0x00000000215da000 JavaThread "jar transforms Thread 38" [_thread_blocked, id=10228, stack(0x0000000026b20000,0x0000000026c20000)]
  0x00000000215cf800 JavaThread "jar transforms Thread 37" [_thread_blocked, id=1316, stack(0x0000000026a20000,0x0000000026b20000)]
  0x00000000215d5800 JavaThread "jar transforms Thread 36" [_thread_blocked, id=20228, stack(0x0000000026920000,0x0000000026a20000)]
  0x00000000215d4800 JavaThread "jar transforms Thread 35" [_thread_blocked, id=16176, stack(0x0000000026820000,0x0000000026920000)]
  0x00000000215d1000 JavaThread "jar transforms Thread 34" [_thread_blocked, id=9256, stack(0x0000000026720000,0x0000000026820000)]
  0x00000000215d4000 JavaThread "jar transforms Thread 33" [_thread_blocked, id=14628, stack(0x0000000026620000,0x0000000026720000)]
  0x00000000215d0000 JavaThread "jar transforms Thread 32" [_thread_blocked, id=17288, stack(0x00000000262f0000,0x00000000263f0000)]
  0x00000000215d3000 JavaThread "jar transforms Thread 31" [_thread_blocked, id=20332, stack(0x0000000026520000,0x0000000026620000)]
  0x00000000215d2800 JavaThread "jar transforms Thread 30" [_thread_blocked, id=18520, stack(0x0000000026420000,0x0000000026520000)]
  0x00000000215d1800 JavaThread "jar transforms Thread 29" [_thread_blocked, id=16856, stack(0x00000000261f0000,0x00000000262f0000)]
  0x000000001e6d0800 JavaThread "jar transforms Thread 28" [_thread_blocked, id=4112, stack(0x00000000260f0000,0x00000000261f0000)]
  0x000000001e6d2800 JavaThread "jar transforms Thread 27" [_thread_blocked, id=17108, stack(0x0000000025ff0000,0x00000000260f0000)]
  0x000000001e6cf800 JavaThread "jar transforms Thread 26" [_thread_blocked, id=632, stack(0x0000000025ef0000,0x0000000025ff0000)]
  0x000000001e6d1000 JavaThread "jar transforms Thread 25" [_thread_blocked, id=9928, stack(0x0000000025df0000,0x0000000025ef0000)]
  0x000000001e6d6800 JavaThread "jar transforms Thread 24" [_thread_blocked, id=13032, stack(0x0000000025cf0000,0x0000000025df0000)]
  0x000000001e6d5800 JavaThread "jar transforms Thread 23" [_thread_blocked, id=6856, stack(0x0000000025bf0000,0x0000000025cf0000)]
  0x000000001e6d2000 JavaThread "jar transforms Thread 22" [_thread_blocked, id=2748, stack(0x0000000025af0000,0x0000000025bf0000)]
  0x000000001e6d4000 JavaThread "jar transforms Thread 21" [_thread_blocked, id=12836, stack(0x00000000258d0000,0x00000000259d0000)]
  0x000000001e6d5000 JavaThread "jar transforms Thread 20" [_thread_blocked, id=14556, stack(0x00000000259f0000,0x0000000025af0000)]
  0x000000001e6d3800 JavaThread "jar transforms Thread 19" [_thread_blocked, id=19864, stack(0x00000000257d0000,0x00000000258d0000)]
  0x000000001e6c9000 JavaThread "jar transforms Thread 18" [_thread_blocked, id=10920, stack(0x00000000256d0000,0x00000000257d0000)]
  0x000000001e6c8000 JavaThread "jar transforms Thread 17" [_thread_blocked, id=16804, stack(0x00000000255d0000,0x00000000256d0000)]
  0x000000001e6c9800 JavaThread "jar transforms Thread 16" [_thread_blocked, id=14960, stack(0x00000000254d0000,0x00000000255d0000)]
  0x000000001e6cb000 JavaThread "jar transforms Thread 15" [_thread_blocked, id=12180, stack(0x00000000253d0000,0x00000000254d0000)]
  0x000000001e6cf000 JavaThread "jar transforms Thread 14" [_thread_blocked, id=12324, stack(0x00000000252d0000,0x00000000253d0000)]
  0x000000001e6cc800 JavaThread "jar transforms Thread 13" [_thread_blocked, id=14904, stack(0x00000000251d0000,0x00000000252d0000)]
  0x000000001e6c7800 JavaThread "jar transforms Thread 12" [_thread_blocked, id=17380, stack(0x00000000250d0000,0x00000000251d0000)]
  0x000000001e6ca800 JavaThread "jar transforms Thread 11" [_thread_blocked, id=18836, stack(0x0000000024fd0000,0x00000000250d0000)]
  0x000000001e6cd800 JavaThread "jar transforms Thread 10" [_thread_blocked, id=6004, stack(0x0000000024ed0000,0x0000000024fd0000)]
  0x000000001e6cc000 JavaThread "jar transforms Thread 9" [_thread_blocked, id=15208, stack(0x0000000024dd0000,0x0000000024ed0000)]
  0x000000001e6ce000 JavaThread "jar transforms Thread 8" [_thread_blocked, id=4784, stack(0x0000000024cd0000,0x0000000024dd0000)]
  0x000000001c3f7800 JavaThread "jar transforms Thread 7" [_thread_blocked, id=16752, stack(0x0000000024bd0000,0x0000000024cd0000)]
  0x000000001c3f7000 JavaThread "jar transforms Thread 6" [_thread_blocked, id=12868, stack(0x0000000024ad0000,0x0000000024bd0000)]
  0x000000001c3fc000 JavaThread "jar transforms Thread 5" [_thread_blocked, id=3292, stack(0x00000000249d0000,0x0000000024ad0000)]
  0x000000001c3fb800 JavaThread "jar transforms Thread 4" [_thread_blocked, id=5668, stack(0x00000000248d0000,0x00000000249d0000)]
  0x000000001c3f9000 JavaThread "jar transforms Thread 3" [_thread_blocked, id=15148, stack(0x00000000247d0000,0x00000000248d0000)]
  0x000000001c3fa000 JavaThread "jar transforms Thread 2" [_thread_blocked, id=19176, stack(0x00000000246d0000,0x00000000247d0000)]
  0x000000001c3f8800 JavaThread "Build operations Thread 8" [_thread_blocked, id=9824, stack(0x00000000245d0000,0x00000000246d0000)]
  0x000000001c3fa800 JavaThread "Build operations Thread 7" [_thread_blocked, id=14612, stack(0x00000000244d0000,0x00000000245d0000)]
  0x000000001c3ef800 JavaThread "Build operations Thread 6" [_thread_blocked, id=17760, stack(0x00000000243d0000,0x00000000244d0000)]
  0x000000001c3f6000 JavaThread "Build operations Thread 5" [_thread_blocked, id=14784, stack(0x00000000242d0000,0x00000000243d0000)]
  0x000000001c3ee800 JavaThread "Build operations Thread 4" [_thread_blocked, id=12436, stack(0x00000000241d0000,0x00000000242d0000)]
  0x000000001c3f5800 JavaThread "Build operations Thread 3" [_thread_blocked, id=8444, stack(0x00000000240d0000,0x00000000241d0000)]
  0x000000001c3f4800 JavaThread "Build operations Thread 2" [_thread_blocked, id=10664, stack(0x0000000023fd0000,0x00000000240d0000)]
  0x000000001c3ed000 JavaThread "Build operations" [_thread_blocked, id=10536, stack(0x0000000023ed0000,0x0000000023fd0000)]
  0x000000001c3f3000 JavaThread "Cache worker for Build Output Cleanup Cache (C:\Users\dinij\AndroidStudioProjects\master\.gradle\buildOutputCleanup)" [_thread_blocked, id=19036, stack(0x0000000023980000,0x0000000023a80000)]
  0x0000000019339000 JavaThread "Cache worker for file content cache (C:\Users\dinij\.gradle\caches\6.9\fileContent)" [_thread_blocked, id=11824, stack(0x0000000023480000,0x0000000023580000)]
  0x0000000019338000 JavaThread "jar transforms" [_thread_blocked, id=14676, stack(0x0000000021ae0000,0x0000000021be0000)]
  0x0000000019334800 JavaThread "Cache worker for execution history cache (C:\Users\dinij\.gradle\caches\6.9\executionHistory)" [_thread_blocked, id=2572, stack(0x00000000209b0000,0x0000000020ab0000)]
  0x0000000019333000 JavaThread "Cache worker for cache directory md-rule (C:\Users\dinij\.gradle\caches\6.9\md-rule)" [_thread_blocked, id=6796, stack(0x00000000208b0000,0x00000000209b0000)]
  0x0000000019337800 JavaThread "Cache worker for cache directory md-supplier (C:\Users\dinij\.gradle\caches\6.9\md-supplier)" [_thread_blocked, id=7308, stack(0x00000000207b0000,0x00000000208b0000)]
  0x0000000019336000 JavaThread "Cache worker for checksums cache (C:\Users\dinij\AndroidStudioProjects\master\.gradle\checksums)" [_thread_blocked, id=18452, stack(0x00000000206b0000,0x00000000207b0000)]
  0x0000000019333800 JavaThread "Cache worker for file hash cache (C:\Users\dinij\AndroidStudioProjects\master\.gradle\6.9\fileHashes)" [_thread_blocked, id=7632, stack(0x00000000203b0000,0x00000000204b0000)]
  0x0000000019332000 JavaThread "Cache worker for journal cache (C:\Users\dinij\.gradle\caches\journal-1)" [_thread_blocked, id=18024, stack(0x000000001e110000,0x000000001e210000)]
  0x0000000019335000 JavaThread "File lock request listener" [_thread_in_native, id=13108, stack(0x000000001e010000,0x000000001e110000)]
  0x000000001be08800 JavaThread "Cache worker for file hash cache (C:\Users\dinij\.gradle\caches\6.9\fileHashes)" [_thread_blocked, id=13352, stack(0x000000001df10000,0x000000001e010000)]
  0x000000001bc3d800 JavaThread "Daemon client event forwarder" [_thread_blocked, id=14276, stack(0x000000001dc10000,0x000000001dd10000)]
  0x000000001bc3a000 JavaThread "Stdin handler" [_thread_blocked, id=12688, stack(0x000000001db10000,0x000000001dc10000)]
  0x000000001bc37000 JavaThread "Asynchronous log dispatcher for DefaultDaemonConnection: socket connection from /127.0.0.1:58184 to /127.0.0.1:58185" [_thread_blocked, id=17632, stack(0x000000001d910000,0x000000001da10000)]
  0x000000001bc42800 JavaThread "Daemon worker" [_thread_blocked, id=10468, stack(0x000000001d810000,0x000000001d910000)]
  0x000000001bc41000 JavaThread "Cancel handler" [_thread_blocked, id=2432, stack(0x000000001d710000,0x000000001d810000)]
  0x000000001bbec800 JavaThread "Handler for socket connection from /127.0.0.1:58184 to /127.0.0.1:58185" [_thread_in_native, id=8596, stack(0x000000001d610000,0x000000001d710000)]
  0x000000001bc1c000 JavaThread "Daemon" [_thread_blocked, id=12852, stack(0x000000001d510000,0x000000001d610000)]
  0x000000001bc1e000 JavaThread "Daemon periodic checks" [_thread_blocked, id=17784, stack(0x000000001d210000,0x000000001d310000)]
  0x000000001bb88000 JavaThread "Incoming local TCP Connector on port 58184" [_thread_in_native, id=1608, stack(0x000000001cfd0000,0x000000001d0d0000)]
  0x000000001baa8800 JavaThread "Daemon health stats" [_thread_blocked, id=4460, stack(0x000000001cb90000,0x000000001cc90000)]
  0x00000000193b7800 JavaThread "Service Thread" daemon [_thread_blocked, id=19448, stack(0x0000000019ff0000,0x000000001a0f0000)]
  0x0000000019336800 JavaThread "C1 CompilerThread3" daemon [_thread_blocked, id=20152, stack(0x0000000019ef0000,0x0000000019ff0000)]
  0x000000001932b000 JavaThread "C2 CompilerThread2" daemon [_thread_in_native, id=13740, stack(0x0000000019df0000,0x0000000019ef0000)]
  0x000000001752b000 JavaThread "C2 CompilerThread1" daemon [_thread_in_native, id=20356, stack(0x0000000019cf0000,0x0000000019df0000)]
=>0x0000000019322800 JavaThread "C2 CompilerThread0" daemon [_thread_in_native, id=12872, stack(0x0000000019bf0000,0x0000000019cf0000)]
  0x0000000019321800 JavaThread "Attach Listener" daemon [_thread_blocked, id=14900, stack(0x0000000019af0000,0x0000000019bf0000)]
  0x0000000019320800 JavaThread "Signal Dispatcher" daemon [_thread_blocked, id=11668, stack(0x00000000199f0000,0x0000000019af0000)]
  0x00000000024ae000 JavaThread "Finalizer" daemon [_thread_blocked, id=13488, stack(0x00000000197f0000,0x00000000198f0000)]
  0x00000000024a7000 JavaThread "Reference Handler" daemon [_thread_blocked, id=1380, stack(0x00000000196f0000,0x00000000197f0000)]
  0x00000000023ae000 JavaThread "main" [_thread_blocked, id=16216, stack(0x00000000021f0000,0x00000000022f0000)]

Other Threads:
  0x0000000017516000 VMThread [stack: 0x00000000191f0000,0x00000000192f0000] [id=14712]
  0x00000000193b8000 WatcherThread [stack: 0x000000001a0f0000,0x000000001a1f0000] [id=20424]

VM state:not at safepoint (normal execution)

VM Mutex/Monitor currently owned by a thread: None

heap address: 0x0000000080000000, size: 2048 MB, Compressed Oops mode: 32-bit
Narrow klass base: 0x0000000000000000, Narrow klass shift: 3
Compressed class space size: 1073741824 Address: 0x0000000100000000

Heap:
 PSYoungGen      total 224256K, used 202257K [0x00000000d5580000, 0x00000000e4580000, 0x0000000100000000)
  eden space 204288K, 91% used [0x00000000d5580000,0x00000000e0bf60e8,0x00000000e1d00000)
  from space 19968K, 77% used [0x00000000e1e80000,0x00000000e2d8e4b0,0x00000000e3200000)
  to   space 16896K, 0% used [0x00000000e3500000,0x00000000e3500000,0x00000000e4580000)
 ParOldGen       total 80384K, used 46207K [0x0000000080000000, 0x0000000084e80000, 0x00000000d5580000)
  object space 80384K, 57% used [0x0000000080000000,0x0000000082d1fe70,0x0000000084e80000)
 Metaspace       used 82664K, capacity 86920K, committed 87040K, reserved 1124352K
  class space    used 10948K, capacity 11711K, committed 11776K, reserved 1048576K

Card table byte_map: [0x0000000011870000,0x0000000011c80000] byte_map_base: 0x0000000011470000

Marking Bits: (ParMarkBitMap*) 0x00000000622bf030
 Begin Bits: [0x0000000012730000, 0x0000000014730000)
 End Bits:   [0x0000000014730000, 0x0000000016730000)

Polling page: 0x00000000009e0000

CodeCache: size=245760Kb used=30847Kb max_used=30853Kb free=214912Kb
 bounds [0x00000000024b0000, 0x0000000004300000, 0x00000000114b0000]
 total_blobs=10195 nmethods=9348 adapters=760
 compilation: enabled

Compilation events (10 events):
Event: 46.335 Thread 0x0000000019336800 10628       1       com.sun.tools.javac.code.Type::asElement (5 bytes)
Event: 46.335 Thread 0x0000000019336800 nmethod 10628 0x00000000042d4610 code [0x00000000042d4760, 0x00000000042d4870]
Event: 46.335 Thread 0x0000000019336800 10638       3       com.sun.tools.javac.code.Attribute$Compound::getAnnotationType (8 bytes)
Event: 46.335 Thread 0x0000000019336800 nmethod 10638 0x00000000042d48d0 code [0x00000000042d4a40, 0x00000000042d4c90]
Event: 46.335 Thread 0x0000000019336800 10627       3       com.sun.tools.javac.code.Symbol$VarSymbol::isExceptionParameter (16 bytes)
Event: 46.336 Thread 0x0000000019336800 nmethod 10627 0x00000000042d4d10 code [0x00000000042d4e60, 0x00000000042d5010]
Event: 46.367 Thread 0x000000001752b000 nmethod 10474 0x00000000042de390 code [0x00000000042dec60, 0x00000000042e5048]
Event: 46.367 Thread 0x000000001752b000 10620   !   4       java.util.Formatter::format (271 bytes)
Event: 46.370 Thread 0x0000000019322800 nmethod 10618 0x00000000042d6250 code [0x00000000042d6460, 0x00000000042d7f88]
Event: 46.370 Thread 0x0000000019322800 10622       4       com.sun.tools.javac.util.Convert::quote (42 bytes)

GC Heap History (10 events):
Event: 15.869 GC heap before
{Heap before GC invocations=16 (full 2):
 PSYoungGen      total 127488K, used 122737K [0x00000000d5580000, 0x00000000e0a80000, 0x0000000100000000)
  eden space 116224K, 100% used [0x00000000d5580000,0x00000000dc700000,0x00000000dc700000)
  from space 11264K, 57% used [0x00000000dc700000,0x00000000dcd5c5f0,0x00000000dd200000)
  to   space 11264K, 0% used [0x00000000dff80000,0x00000000dff80000,0x00000000e0a80000)
 ParOldGen       total 47104K, used 13930K [0x0000000080000000, 0x0000000082e00000, 0x00000000d5580000)
  object space 47104K, 29% used [0x0000000080000000,0x0000000080d9aa78,0x0000000082e00000)
 Metaspace       used 47502K, capacity 49748K, committed 49920K, reserved 1091584K
  class space    used 6434K, capacity 6879K, committed 6912K, reserved 1048576K
Event: 15.889 GC heap after
Heap after GC invocations=16 (full 2):
 PSYoungGen      total 169984K, used 11255K [0x00000000d5580000, 0x00000000e0d80000, 0x0000000100000000)
  eden space 158720K, 0% used [0x00000000d5580000,0x00000000d5580000,0x00000000df080000)
  from space 11264K, 99% used [0x00000000dff80000,0x00000000e0a7dcd8,0x00000000e0a80000)
  to   space 14848K, 0% used [0x00000000df080000,0x00000000df080000,0x00000000dff00000)
 ParOldGen       total 47104K, used 18837K [0x0000000080000000, 0x0000000082e00000, 0x00000000d5580000)
  object space 47104K, 39% used [0x0000000080000000,0x00000000812656f8,0x0000000082e00000)
 Metaspace       used 47502K, capacity 49748K, committed 49920K, reserved 1091584K
  class space    used 6434K, capacity 6879K, committed 6912K, reserved 1048576K
}
Event: 19.806 GC heap before
{Heap before GC invocations=17 (full 2):
 PSYoungGen      total 169984K, used 128619K [0x00000000d5580000, 0x00000000e0d80000, 0x0000000100000000)
  eden space 158720K, 73% used [0x00000000d5580000,0x00000000dc81d158,0x00000000df080000)
  from space 11264K, 99% used [0x00000000dff80000,0x00000000e0a7dcd8,0x00000000e0a80000)
  to   space 14848K, 0% used [0x00000000df080000,0x00000000df080000,0x00000000dff00000)
 ParOldGen       total 47104K, used 18837K [0x0000000080000000, 0x0000000082e00000, 0x00000000d5580000)
  object space 47104K, 39% used [0x0000000080000000,0x00000000812656f8,0x0000000082e00000)
 Metaspace       used 56341K, capacity 59052K, committed 59096K, reserved 1099776K
  class space    used 7519K, capacity 8059K, committed 8064K, reserved 1048576K
Event: 19.836 GC heap after
Heap after GC invocations=17 (full 2):
 PSYoungGen      total 173568K, used 14127K [0x00000000d5580000, 0x00000000e4580000, 0x0000000100000000)
  eden space 158720K, 0% used [0x00000000d5580000,0x00000000d5580000,0x00000000df080000)
  from space 14848K, 95% used [0x00000000df080000,0x00000000dfe4bf60,0x00000000dff00000)
  to   space 16896K, 0% used [0x00000000e3500000,0x00000000e3500000,0x00000000e4580000)
 ParOldGen       total 47104K, used 25099K [0x0000000080000000, 0x0000000082e00000, 0x00000000d5580000)
  object space 47104K, 53% used [0x0000000080000000,0x0000000081882d30,0x0000000082e00000)
 Metaspace       used 56341K, capacity 59052K, committed 59096K, reserved 1099776K
  class space    used 7519K, capacity 8059K, committed 8064K, reserved 1048576K
}
Event: 19.836 GC heap before
{Heap before GC invocations=18 (full 3):
 PSYoungGen      total 173568K, used 14127K [0x00000000d5580000, 0x00000000e4580000, 0x0000000100000000)
  eden space 158720K, 0% used [0x00000000d5580000,0x00000000d5580000,0x00000000df080000)
  from space 14848K, 95% used [0x00000000df080000,0x00000000dfe4bf60,0x00000000dff00000)
  to   space 16896K, 0% used [0x00000000e3500000,0x00000000e3500000,0x00000000e4580000)
 ParOldGen       total 47104K, used 25099K [0x0000000080000000, 0x0000000082e00000, 0x00000000d5580000)
  object space 47104K, 53% used [0x0000000080000000,0x0000000081882d30,0x0000000082e00000)
 Metaspace       used 56341K, capacity 59052K, committed 59096K, reserved 1099776K
  class space    used 7519K, capacity 8059K, committed 8064K, reserved 1048576K
Event: 20.117 GC heap after
Heap after GC invocations=18 (full 3):
 PSYoungGen      total 173568K, used 0K [0x00000000d5580000, 0x00000000e4580000, 0x0000000100000000)
  eden space 158720K, 0% used [0x00000000d5580000,0x00000000d5580000,0x00000000df080000)
  from space 14848K, 0% used [0x00000000df080000,0x00000000df080000,0x00000000dff00000)
  to   space 16896K, 0% used [0x00000000e3500000,0x00000000e3500000,0x00000000e4580000)
 ParOldGen       total 80384K, used 36202K [0x0000000080000000, 0x0000000084e80000, 0x00000000d5580000)
  object space 80384K, 45% used [0x0000000080000000,0x000000008235a800,0x0000000084e80000)
 Metaspace       used 56271K, capacity 58812K, committed 59096K, reserved 1099776K
  class space    used 7497K, capacity 8019K, committed 8064K, reserved 1048576K
}
Event: 23.303 GC heap before
{Heap before GC invocations=19 (full 3):
 PSYoungGen      total 173568K, used 158720K [0x00000000d5580000, 0x00000000e4580000, 0x0000000100000000)
  eden space 158720K, 100% used [0x00000000d5580000,0x00000000df080000,0x00000000df080000)
  from space 14848K, 0% used [0x00000000df080000,0x00000000df080000,0x00000000dff00000)
  to   space 16896K, 0% used [0x00000000e3500000,0x00000000e3500000,0x00000000e4580000)
 ParOldGen       total 80384K, used 36202K [0x0000000080000000, 0x0000000084e80000, 0x00000000d5580000)
  object space 80384K, 45% used [0x0000000080000000,0x000000008235a800,0x0000000084e80000)
 Metaspace       used 67629K, capacity 70896K, committed 71168K, reserved 1110016K
  class space    used 9306K, capacity 9925K, committed 9984K, reserved 1048576K
Event: 23.327 GC heap after
Heap after GC invocations=19 (full 3):
 PSYoungGen      total 221184K, used 16884K [0x00000000d5580000, 0x00000000e4580000, 0x0000000100000000)
  eden space 204288K, 0% used [0x00000000d5580000,0x00000000d5580000,0x00000000e1d00000)
  from space 16896K, 99% used [0x00000000e3500000,0x00000000e457d0f0,0x00000000e4580000)
  to   space 19968K, 0% used [0x00000000e1e80000,0x00000000e1e80000,0x00000000e3200000)
 ParOldGen       total 80384K, used 37294K [0x0000000080000000, 0x0000000084e80000, 0x00000000d5580000)
  object space 80384K, 46% used [0x0000000080000000,0x000000008246b900,0x0000000084e80000)
 Metaspace       used 67629K, capacity 70896K, committed 71168K, reserved 1110016K
  class space    used 9306K, capacity 9925K, committed 9984K, reserved 1048576K
}
Event: 26.662 GC heap before
{Heap before GC invocations=20 (full 3):
 PSYoungGen      total 221184K, used 221172K [0x00000000d5580000, 0x00000000e4580000, 0x0000000100000000)
  eden space 204288K, 100% used [0x00000000d5580000,0x00000000e1d00000,0x00000000e1d00000)
  from space 16896K, 99% used [0x00000000e3500000,0x00000000e457d0f0,0x00000000e4580000)
  to   space 19968K, 0% used [0x00000000e1e80000,0x00000000e1e80000,0x00000000e3200000)
 ParOldGen       total 80384K, used 37294K [0x0000000080000000, 0x0000000084e80000, 0x00000000d5580000)
  object space 80384K, 46% used [0x0000000080000000,0x000000008246b900,0x0000000084e80000)
 Metaspace       used 73153K, capacity 77162K, committed 77312K, reserved 1116160K
  class space    used 9999K, capacity 10706K, committed 10752K, reserved 1048576K
Event: 26.764 GC heap after
Heap after GC invocations=20 (full 3):
 PSYoungGen      total 224256K, used 15417K [0x00000000d5580000, 0x00000000e4580000, 0x0000000100000000)
  eden space 204288K, 0% used [0x00000000d5580000,0x00000000d5580000,0x00000000e1d00000)
  from space 19968K, 77% used [0x00000000e1e80000,0x00000000e2d8e4b0,0x00000000e3200000)
  to   space 16896K, 0% used [0x00000000e3500000,0x00000000e3500000,0x00000000e4580000)
 ParOldGen       total 80384K, used 46207K [0x0000000080000000, 0x0000000084e80000, 0x00000000d5580000)
  object space 80384K, 57% used [0x0000000080000000,0x0000000082d1fe70,0x0000000084e80000)
 Metaspace       used 73153K, capacity 77162K, committed 77312K, reserved 1116160K
  class space    used 9999K, capacity 10706K, committed 10752K, reserved 1048576K
}

Deoptimization events (10 events):
Event: 45.639 Thread 0x000000001e554800 Uncommon trap: reason=array_check action=maybe_recompile pc=0x00000000040801a0 method=java.util.ComparableTimSort.reverseRange([Ljava/lang/Object;II)V @ 20
Event: 45.640 Thread 0x000000001e554800 Uncommon trap: reason=array_check action=maybe_recompile pc=0x00000000040801a0 method=java.util.ComparableTimSort.reverseRange([Ljava/lang/Object;II)V @ 20
Event: 45.641 Thread 0x000000001e554800 Uncommon trap: reason=array_check action=maybe_recompile pc=0x00000000040801a0 method=java.util.ComparableTimSort.reverseRange([Ljava/lang/Object;II)V @ 20
Event: 45.641 Thread 0x000000001e554800 Uncommon trap: reason=array_check action=maybe_recompile pc=0x00000000040801a0 method=java.util.ComparableTimSort.reverseRange([Ljava/lang/Object;II)V @ 20
Event: 45.699 Thread 0x000000001e554800 Uncommon trap: reason=array_check action=maybe_recompile pc=0x00000000040833c4 method=java.util.ComparableTimSort.reverseRange([Ljava/lang/Object;II)V @ 27
Event: 45.699 Thread 0x000000001e554800 Uncommon trap: reason=array_check action=maybe_recompile pc=0x00000000040833c4 method=java.util.ComparableTimSort.reverseRange([Ljava/lang/Object;II)V @ 27
Event: 45.785 Thread 0x000000001e554800 Uncommon trap: reason=unstable_if action=reinterpret pc=0x00000000025d6160 method=com.sun.tools.javac.util.Name$Table.equals([BI[BII)Z @ 22
Event: 45.853 Thread 0x000000001e554800 Uncommon trap: reason=unstable_if action=reinterpret pc=0x000000000405cea8 method=com.sun.tools.javac.util.Name$Table.equals([BI[BII)Z @ 22
Event: 45.934 Thread 0x000000001e554800 Uncommon trap: reason=unloaded action=reinterpret pc=0x0000000004160fcc method=com.sun.tools.javac.jvm.ClassReader.readPool(I)Ljava/lang/Object; @ 413
Event: 46.141 Thread 0x000000001e554800 Uncommon trap: reason=unstable_if action=reinterpret pc=0x0000000004172a90 method=com.sun.tools.javac.jvm.ClassReader$AttributeReader.accepts(Lcom/sun/tools/javac/jvm/ClassReader$AttributeKind;)Z @ 27

Classes redefined (0 events):
No events

Internal exceptions (10 events):
Event: 24.707 Thread 0x000000001e551800 Exception <a 'java/lang/NoSuchMethodError': <clinit>> (0x00000000da5c9188) thrown at [C:\src\AOSP-openjdk-git\hotspot\src\share\vm\prims\jni.cpp, line 1615]
Event: 24.707 Thread 0x000000001e551800 Exception <a 'java/lang/NoSuchMethodError': <clinit>> (0x00000000da5ca638) thrown at [C:\src\AOSP-openjdk-git\hotspot\src\share\vm\prims\jni.cpp, line 1615]
Event: 36.940 Thread 0x000000001e551800 Exception <a 'java/lang/NoSuchMethodError': <clinit>> (0x00000000d7ab5130) thrown at [C:\src\AOSP-openjdk-git\hotspot\src\share\vm\prims\jni.cpp, line 1615]
Event: 37.393 Thread 0x000000001e551800 Exception <a 'java/lang/NoSuchMethodError': <clinit>> (0x00000000d8d7f180) thrown at [C:\src\AOSP-openjdk-git\hotspot\src\share\vm\prims\jni.cpp, line 1615]
Event: 37.714 Thread 0x000000001c3ed000 Implicit null exception at 0x0000000003f4409f to 0x0000000003f448f1
Event: 37.714 Thread 0x000000001c3ee800 Implicit null exception at 0x0000000003f4409f to 0x0000000003f448f1
Event: 37.721 Thread 0x000000001e554800 Exception <a 'java/lang/NoSuchMethodError': <clinit>> (0x00000000da4e9a40) thrown at [C:\src\AOSP-openjdk-git\hotspot\src\share\vm\prims\jni.cpp, line 1615]
Event: 37.725 Thread 0x000000001e554800 Exception <a 'java/lang/NoSuchMethodError': <clinit>> (0x00000000da5f8fd8) thrown at [C:\src\AOSP-openjdk-git\hotspot\src\share\vm\prims\jni.cpp, line 1615]
Event: 37.757 Thread 0x000000001e554800 Exception <a 'java/lang/NoSuchMethodError': <clinit>> (0x00000000da8333d8) thrown at [C:\src\AOSP-openjdk-git\hotspot\src\share\vm\prims\jni.cpp, line 1615]
Event: 45.565 Thread 0x000000001e554800 Implicit null exception at 0x000000000278eb2f to 0x000000000278f1e1

Events (10 events):
Event: 46.466 loading class com/google/common/collect/AbstractIterator done
Event: 46.467 loading class com/google/common/collect/Iterators$4
Event: 46.467 loading class com/google/common/collect/Iterators$4 done
Event: 46.467 loading class com/google/common/collect/Iterators$10
Event: 46.467 loading class com/google/common/collect/Iterators$10 done
Event: 46.468 loading class com/google/common/collect/Iterators$ArrayItr
Event: 46.468 loading class com/google/common/collect/Iterators$ArrayItr done
Event: 46.468 loading class com/google/common/collect/PeekingIterator
Event: 46.468 loading class com/google/common/collect/PeekingIterator done
Event: 46.468 loading class com/google/common/collect/Iterators$MergingIterator


Dynamic libraries:
0x00007ff64cbf0000 - 0x00007ff64cc21000 	C:\Program Files\Android\Android Studio\jre\bin\java.exe
0x00007ffa8a2f0000 - 0x00007ffa8a4e5000 	C:\WINDOWS\SYSTEM32\ntdll.dll
0x00007ffa8a010000 - 0x00007ffa8a0cd000 	C:\WINDOWS\System32\KERNEL32.DLL
0x00007ffa87e20000 - 0x00007ffa880e8000 	C:\WINDOWS\System32\KERNELBASE.dll
0x00007ffa89130000 - 0x00007ffa891dc000 	C:\WINDOWS\System32\ADVAPI32.dll
0x00007ffa88710000 - 0x00007ffa887ae000 	C:\WINDOWS\System32\msvcrt.dll
0x00007ffa887b0000 - 0x00007ffa8884b000 	C:\WINDOWS\System32\sechost.dll
0x00007ffa888b0000 - 0x00007ffa889db000 	C:\WINDOWS\System32\RPCRT4.dll
0x00007ffa88350000 - 0x00007ffa884f0000 	C:\WINDOWS\System32\USER32.dll
0x00007ffa881f0000 - 0x00007ffa88212000 	C:\WINDOWS\System32\win32u.dll
0x00007ffa8a0d0000 - 0x00007ffa8a0fa000 	C:\WINDOWS\System32\GDI32.dll
0x00007ffa87bb0000 - 0x00007ffa87cbb000 	C:\WINDOWS\System32\gdi32full.dll
0x00007ffa87ab0000 - 0x00007ffa87b4d000 	C:\WINDOWS\System32\msvcp_win.dll
0x00007ffa880f0000 - 0x00007ffa881f0000 	C:\WINDOWS\System32\ucrtbase.dll
0x00007ffa76970000 - 0x00007ffa76c0a000 	C:\WINDOWS\WinSxS\amd64_microsoft.windows.common-controls_6595b64144ccf1df_6.0.19041.844_none_ca00b6081b84eb1d\COMCTL32.dll
0x00007ffa89de0000 - 0x00007ffa89e10000 	C:\WINDOWS\System32\IMM32.DLL
0x00000000615f0000 - 0x00000000616c2000 	C:\Program Files\Android\Android Studio\jre\jre\bin\msvcr100.dll
0x0000000061af0000 - 0x000000006233b000 	C:\Program Files\Android\Android Studio\jre\jre\bin\server\jvm.dll
0x00007ffa886a0000 - 0x00007ffa886a8000 	C:\WINDOWS\System32\PSAPI.DLL
0x00007ffa76f20000 - 0x00007ffa76f47000 	C:\WINDOWS\SYSTEM32\WINMM.dll
0x00007ffa7fb70000 - 0x00007ffa7fb7a000 	C:\WINDOWS\SYSTEM32\VERSION.dll
0x00007ffa734c0000 - 0x00007ffa734c9000 	C:\WINDOWS\SYSTEM32\WSOCK32.dll
0x00007ffa89d70000 - 0x00007ffa89ddb000 	C:\WINDOWS\System32\ws2_32.DLL
0x00007ffa82ff0000 - 0x00007ffa82fff000 	C:\Program Files\Android\Android Studio\jre\jre\bin\verify.dll
0x00007ffa6e2c0000 - 0x00007ffa6e2e9000 	C:\Program Files\Android\Android Studio\jre\jre\bin\java.dll
0x00007ffa768e0000 - 0x00007ffa768f6000 	C:\Program Files\Android\Android Studio\jre\jre\bin\zip.dll
0x00007ffa889e0000 - 0x00007ffa89122000 	C:\WINDOWS\System32\SHELL32.dll
0x00007ffa85a60000 - 0x00007ffa861f0000 	C:\WINDOWS\SYSTEM32\windows.storage.dll
0x00007ffa89a10000 - 0x00007ffa89d65000 	C:\WINDOWS\System32\combase.dll
0x00007ffa873d0000 - 0x00007ffa873fc000 	C:\WINDOWS\SYSTEM32\Wldp.dll
0x00007ffa89f60000 - 0x00007ffa8a00e000 	C:\WINDOWS\System32\SHCORE.dll
0x00007ffa898d0000 - 0x00007ffa89925000 	C:\WINDOWS\System32\shlwapi.dll
0x00007ffa87970000 - 0x00007ffa8798f000 	C:\WINDOWS\SYSTEM32\profapi.dll
0x00007ffa6e100000 - 0x00007ffa6e11a000 	C:\Program Files\Android\Android Studio\jre\jre\bin\net.dll
0x00007ffa87140000 - 0x00007ffa871aa000 	C:\WINDOWS\system32\mswsock.dll
0x00007ffa6e0e0000 - 0x00007ffa6e0f3000 	C:\Program Files\Android\Android Studio\jre\jre\bin\nio.dll
0x00007ffa6e420000 - 0x00007ffa6e447000 	C:\Users\dinij\.gradle\native\49d0259a56938c7f99b2704e745ce422c4f750a7a20b539a32ccef96729676b1\windows-amd64\native-platform.dll
0x00007ffa4a4a0000 - 0x00007ffa4a636000 	C:\Users\dinij\.gradle\native\12488b8bf47d2d4c9fbf2f6322a914ad602e24e48041cd04a747c6da556b65c4\windows-amd64\native-platform-file-events.dll
0x00007ffa82f90000 - 0x00007ffa82f9d000 	C:\Program Files\Android\Android Studio\jre\jre\bin\management.dll
0x00007ffa87310000 - 0x00007ffa87328000 	C:\WINDOWS\SYSTEM32\CRYPTSP.dll
0x00007ffa86ae0000 - 0x00007ffa86b14000 	C:\WINDOWS\system32\rsaenh.dll
0x00007ffa88320000 - 0x00007ffa88347000 	C:\WINDOWS\System32\bcrypt.dll
0x00007ffa87930000 - 0x00007ffa8795e000 	C:\WINDOWS\SYSTEM32\USERENV.dll
0x00007ffa87a30000 - 0x00007ffa87ab0000 	C:\WINDOWS\System32\bcryptprimitives.dll
0x00007ffa87330000 - 0x00007ffa8733c000 	C:\WINDOWS\SYSTEM32\CRYPTBASE.dll
0x00007ffa86e30000 - 0x00007ffa86e6b000 	C:\WINDOWS\SYSTEM32\IPHLPAPI.DLL
0x00007ffa88550000 - 0x00007ffa88558000 	C:\WINDOWS\System32\NSI.dll
0x00007ffa85050000 - 0x00007ffa85067000 	C:\WINDOWS\SYSTEM32\dhcpcsvc6.DLL
0x00007ffa85030000 - 0x00007ffa8504d000 	C:\WINDOWS\SYSTEM32\dhcpcsvc.DLL
0x00007ffa86e70000 - 0x00007ffa86f3c000 	C:\WINDOWS\SYSTEM32\DNSAPI.dll

VM Arguments:
jvm_args: -Xmx2048m -Dfile.encoding=UTF-8 -Duser.country=US -Duser.language=en -Duser.variant 
java_command: org.gradle.launcher.daemon.bootstrap.GradleDaemon 6.9
java_class_path (initial): C:\Users\dinij\.gradle\wrapper\dists\gradle-6.9-bin\2ecsmyp3bolyybemj56vfn4mt\gradle-6.9\lib\gradle-launcher-6.9.jar
Launcher Type: SUN_STANDARD

Environment Variables:
JAVA_HOME=C:\Program Files\jdk-15
PATH=C:\Program Files (x86)\Common Files\Oracle\Java\javapath;C:\Program Files (x86)\Intel\iCLS Client\;C:\Program Files\Intel\iCLS Client\;C:\WINDOWS\system32;C:\WINDOWS;C:\WINDOWS\System32\Wbem;C:\WINDOWS\System32\WindowsPowerShell\v1.0\;C:\Program Files (x86)\Intel\Intel(R) Management Engine Components\DAL;C:\Program Files\Intel\Intel(R) Management Engine Components\DAL;C:\Program Files (x86)\Intel\Intel(R) Management Engine Components\IPT;C:\Program Files\Intel\Intel(R) Management Engine Components\IPT;C:\WINDOWS\System32\OpenSSH\;C:\Program Files\Intel\WiFi\bin\;C:\Program Files\Common Files\Intel\WirelessCommon\;C:\Program Files\Git\cmd;C:\Program Files\jdk-15\bin;C:\Program Files\dotnet\;C:\Program Files\Microsoft SQL Server\130\Tools\Binn\;C:\Program Files\Microsoft SQL Server\Client SDK\ODBC\170\Tools\Binn\;C:\Users\dinij\AppData\Local\Microsoft\WindowsApps;C:\texlive\2018\bin\win32;C:\Users\dinij\.dotnet\tools
USERNAME=dinij
OS=Windows_NT
PROCESSOR_IDENTIFIER=Intel64 Family 6 Model 142 Stepping 10, GenuineIntel



---------------  S Y S T E M  ---------------

OS: Windows 10.0 , 64 bit Build 19041 (10.0.19041.928)

CPU:total 8 (initial active 8) (4 cores per cpu, 2 threads per core) family 6 model 142 stepping 10, cmov, cx8, fxsr, mmx, sse, sse2, sse3, ssse3, sse4.1, sse4.2, popcnt, avx, avx2, aes, clmul, erms, 3dnowpref, lzcnt, ht, tsc, tscinvbit, bmi1, bmi2, adx

Memory: 4k page, physical 4109220k(298496k free), swap 16692132k(2384k free)

vm_info: OpenJDK 64-Bit Server VM (25.242-b01) for windows-amd64 JRE (1.8.0_242-release-1644-b01), built by "builder" with MS VC++ 10.0 (VS2010)

time: Mon Jun 14 03:04:53 2021
timezone: Central European Summer Time
elapsed time: 46 seconds (0d 0h 0m 46s)

