#
# There is insufficient memory for the Java Runtime Environment to continue.
# Native memory allocation (malloc) failed to allocate 761136 bytes for Chunk::new
# Possible reasons:
#   The system is out of physical RAM or swap space
#   The process is running with CompressedOops enabled, and the Java Heap may be blocking the growth of the native heap
# Possible solutions:
#   Reduce memory load on the system
#   Increase physical memory or swap space
#   Check if swap backing store is full
#   Decrease Java heap size (-Xmx/-Xms)
#   Decrease number of Java threads
#   Decrease Java thread stack sizes (-Xss)
#   Set larger code cache with -XX:ReservedCodeCacheSize=
#   JVM is running with Unscaled Compressed Oops mode in which the Java heap is
#     placed in the first 4GB address space. The Java Heap base address is the
#     maximum limit for the native heap growth. Please use -XX:HeapBaseMinAddress
#     to set the Java Heap base and to place the Java Heap above 4GB virtual address.
# This output file may be truncated or incomplete.
#
#  Out of Memory Error (allocation.cpp:389), pid=10368, tid=0x0000000000004a38
#
# JRE version: OpenJDK Runtime Environment (8.0_242-b01) (build 1.8.0_242-release-1644-b01)
# Java VM: OpenJDK 64-Bit Server VM (25.242-b01 mixed mode windows-amd64 compressed oops)
# Failed to write core dump. Minidumps are not enabled by default on client versions of Windows
#

---------------  T H R E A D  ---------------

Current thread (0x0000000017c4d000):  JavaThread "C2 CompilerThread1" daemon [_thread_in_native, id=19000, stack(0x000000001a410000,0x000000001a510000)]

Stack: [0x000000001a410000,0x000000001a510000]
[error occurred during error reporting (printing stack bounds), id 0xc0000005]

Native frames: (J=compiled Java code, j=interpreted, Vv=VM code, C=native code)


Current CompileTask:
C2: 127313 10794       4       com.sun.tools.javac.util.Convert::quote (42 bytes)


---------------  P R O C E S S  ---------------

Java Threads: ( => current thread )
  0x000000001ccbe000 JavaThread "WorkerExecutor Queue" [_thread_in_native, id=18388, stack(0x000000001e250000,0x000000001e350000)]
  0x000000001ae48000 JavaThread "RMI TCP Connection(idle)" daemon [_thread_blocked, id=6984, stack(0x000000002eeb0000,0x000000002efb0000)]
  0x000000001ae48800 JavaThread "RMI Reaper" [_thread_blocked, id=6316, stack(0x000000002edb0000,0x000000002eeb0000)]
  0x000000001ae45000 JavaThread "RMI TCP Accept-0" daemon [_thread_in_native, id=14584, stack(0x000000002ecb0000,0x000000002edb0000)]
  0x000000001ae4b000 JavaThread "GC Daemon" daemon [_thread_blocked, id=17552, stack(0x0000000000f10000,0x0000000001010000)]
  0x000000001cd1f800 JavaThread "RMI Scheduler(0)" daemon [_thread_blocked, id=18952, stack(0x0000000000d10000,0x0000000000e10000)]
  0x000000001cd21000 JavaThread "Cache worker for execution history cache (C:\Users\dinij\AndroidStudioProjects\master\.gradle\6.9\executionHistory)" [_thread_blocked, id=2160, stack(0x000000002e1b0000,0x000000002e2b0000)]
  0x000000001cd22000 JavaThread "Execution worker for ':' Thread 7" [_thread_blocked, id=14232, stack(0x000000002e0b0000,0x000000002e1b0000)]
  0x000000001cd16800 JavaThread "Execution worker for ':' Thread 6" [_thread_blocked, id=18064, stack(0x000000002dfb0000,0x000000002e0b0000)]
  0x000000001cd1c000 JavaThread "Execution worker for ':' Thread 5" [_thread_blocked, id=12940, stack(0x000000002deb0000,0x000000002dfb0000)]
  0x000000001cd16000 JavaThread "Execution worker for ':' Thread 4" [_thread_blocked, id=11480, stack(0x000000002ddb0000,0x000000002deb0000)]
  0x000000001cd1c800 JavaThread "Execution worker for ':' Thread 3" [_thread_blocked, id=18420, stack(0x000000002dcb0000,0x000000002ddb0000)]
  0x000000001cd15000 JavaThread "Execution worker for ':' Thread 2" [_thread_blocked, id=15684, stack(0x000000002dbb0000,0x000000002dcb0000)]
  0x000000001cd19800 JavaThread "Execution worker for ':'" [_thread_blocked, id=19144, stack(0x000000002dab0000,0x000000002dbb0000)]
  0x000000001cd18000 JavaThread "Memory manager" [_thread_blocked, id=7620, stack(0x000000002c180000,0x000000002c280000)]
  0x000000001ccbb800 JavaThread "Build operations Thread 8" [_thread_blocked, id=2992, stack(0x0000000024c80000,0x0000000024d80000)]
  0x000000001ccb8000 JavaThread "Build operations Thread 7" [_thread_blocked, id=1448, stack(0x0000000024b80000,0x0000000024c80000)]
  0x000000001ccbb000 JavaThread "Build operations Thread 6" [_thread_blocked, id=12356, stack(0x0000000024a80000,0x0000000024b80000)]
  0x000000001ccb2800 JavaThread "Build operations Thread 5" [_thread_blocked, id=8872, stack(0x0000000024980000,0x0000000024a80000)]
  0x000000001ccb9800 JavaThread "Build operations Thread 4" [_thread_blocked, id=15612, stack(0x0000000024880000,0x0000000024980000)]
  0x000000001ccb6800 JavaThread "Build operations Thread 3" [_thread_blocked, id=3968, stack(0x0000000024780000,0x0000000024880000)]
  0x000000001ccaf000 JavaThread "Build operations Thread 2" [_thread_blocked, id=16352, stack(0x0000000024680000,0x0000000024780000)]
  0x000000001ccaf800 JavaThread "Build operations" [_thread_blocked, id=2820, stack(0x0000000024580000,0x0000000024680000)]
  0x000000001ccb2000 JavaThread "Cache worker for Build Output Cleanup Cache (C:\Users\dinij\AndroidStudioProjects\master\.gradle\buildOutputCleanup)" [_thread_blocked, id=18736, stack(0x0000000024280000,0x0000000024380000)]
  0x0000000019a55800 JavaThread "Cache worker for file content cache (C:\Users\dinij\.gradle\caches\6.9\fileContent)" [_thread_blocked, id=14100, stack(0x0000000023b80000,0x0000000023c80000)]
  0x0000000019a51800 JavaThread "Cache worker for execution history cache (C:\Users\dinij\.gradle\caches\6.9\executionHistory)" [_thread_blocked, id=7608, stack(0x0000000022170000,0x0000000022270000)]
  0x0000000019a57000 JavaThread "Cache worker for cache directory md-rule (C:\Users\dinij\.gradle\caches\6.9\md-rule)" [_thread_blocked, id=13980, stack(0x0000000022070000,0x0000000022170000)]
  0x0000000019a54800 JavaThread "Cache worker for cache directory md-supplier (C:\Users\dinij\.gradle\caches\6.9\md-supplier)" [_thread_blocked, id=12240, stack(0x0000000021f70000,0x0000000022070000)]
  0x0000000019a58800 JavaThread "Cache worker for checksums cache (C:\Users\dinij\AndroidStudioProjects\master\.gradle\checksums)" [_thread_blocked, id=18684, stack(0x0000000021e70000,0x0000000021f70000)]
  0x0000000019a52800 JavaThread "Cache worker for file hash cache (C:\Users\dinij\AndroidStudioProjects\master\.gradle\6.9\fileHashes)" [_thread_blocked, id=6096, stack(0x0000000020af0000,0x0000000020bf0000)]
  0x0000000019a56000 JavaThread "Cache worker for journal cache (C:\Users\dinij\.gradle\caches\journal-1)" [_thread_blocked, id=9160, stack(0x000000001e850000,0x000000001e950000)]
  0x0000000019a57800 JavaThread "File lock request listener" [_thread_in_native, id=5052, stack(0x000000001e750000,0x000000001e850000)]
  0x0000000019bd2000 JavaThread "Cache worker for file hash cache (C:\Users\dinij\.gradle\caches\6.9\fileHashes)" [_thread_blocked, id=2836, stack(0x000000001e650000,0x000000001e750000)]
  0x000000001cb61800 JavaThread "Daemon client event forwarder" [_thread_blocked, id=16228, stack(0x000000001e350000,0x000000001e450000)]
  0x000000001cb52000 JavaThread "Asynchronous log dispatcher for DefaultDaemonConnection: socket connection from /127.0.0.1:59041 to /127.0.0.1:59042" [_thread_blocked, id=15744, stack(0x000000001e050000,0x000000001e150000)]
  0x000000001cb10000 JavaThread "Daemon worker" [_thread_blocked, id=4384, stack(0x000000001df50000,0x000000001e050000)]
  0x000000001cb0b000 JavaThread "Cancel handler" [_thread_blocked, id=2108, stack(0x000000001de50000,0x000000001df50000)]
  0x000000001aa7b800 JavaThread "Handler for socket connection from /127.0.0.1:59041 to /127.0.0.1:59042" [_thread_in_native, id=11876, stack(0x000000001dd50000,0x000000001de50000)]
  0x000000001cb11000 JavaThread "Daemon" [_thread_blocked, id=11736, stack(0x000000001dc50000,0x000000001dd50000)]
  0x000000001cafe000 JavaThread "Daemon periodic checks" [_thread_blocked, id=11740, stack(0x000000001d950000,0x000000001da50000)]
  0x000000001caa5000 JavaThread "Incoming local TCP Connector on port 59041" [_thread_in_native, id=7840, stack(0x000000001d710000,0x000000001d810000)]
  0x000000001c5ac000 JavaThread "Daemon health stats" [_thread_blocked, id=8960, stack(0x000000001c0e0000,0x000000001c1e0000)]
  0x0000000019adb000 JavaThread "Service Thread" daemon [_thread_blocked, id=4356, stack(0x000000001a710000,0x000000001a810000)]
  0x0000000019a54000 JavaThread "C1 CompilerThread3" daemon [_thread_blocked, id=18476, stack(0x000000001a610000,0x000000001a710000)]
  0x0000000019a4b800 JavaThread "C2 CompilerThread2" daemon [_thread_in_native, id=8536, stack(0x000000001a510000,0x000000001a610000)]
=>0x0000000017c4d000 JavaThread "C2 CompilerThread1" daemon [_thread_in_native, id=19000, stack(0x000000001a410000,0x000000001a510000)]
  0x0000000019a42800 JavaThread "C2 CompilerThread0" daemon [_thread_in_native, id=11680, stack(0x000000001a310000,0x000000001a410000)]
  0x0000000019a41800 JavaThread "Attach Listener" daemon [_thread_blocked, id=17224, stack(0x000000001a210000,0x000000001a310000)]
  0x0000000019a40800 JavaThread "Signal Dispatcher" daemon [_thread_blocked, id=14080, stack(0x000000001a110000,0x000000001a210000)]
  0x0000000002bce000 JavaThread "Finalizer" daemon [_thread_blocked, id=144, stack(0x0000000019f10000,0x000000001a010000)]
  0x0000000002bc7000 JavaThread "Reference Handler" daemon [_thread_blocked, id=8412, stack(0x0000000019e10000,0x0000000019f10000)]
  0x000000000108e000 JavaThread "main" [_thread_blocked, id=16008, stack(0x0000000002910000,0x0000000002a10000)]

Other Threads:
  0x0000000017c36000 VMThread [stack: 0x0000000019910000,0x0000000019a10000] [id=4488]
  0x0000000019adb800 WatcherThread [stack: 0x000000001a810000,0x000000001a910000] [id=11432]

VM state:not at safepoint (normal execution)

VM Mutex/Monitor currently owned by a thread: None

heap address: 0x0000000080000000, size: 2048 MB, Compressed Oops mode: 32-bit
Narrow klass base: 0x0000000000000000, Narrow klass shift: 3
Compressed class space size: 1073741824 Address: 0x0000000100000000

Heap:
 PSYoungGen      total 190464K, used 144157K [0x00000000d5580000, 0x00000000e3b80000, 0x0000000100000000)
  eden space 166912K, 72% used [0x00000000d5580000,0x00000000dcb4be08,0x00000000df880000)
  from space 23552K, 99% used [0x00000000e2480000,0x00000000e3b7b710,0x00000000e3b80000)
  to   space 20480K, 0% used [0x00000000df880000,0x00000000df880000,0x00000000e0c80000)
 ParOldGen       total 89600K, used 42044K [0x0000000080000000, 0x0000000085780000, 0x00000000d5580000)
  object space 89600K, 46% used [0x0000000080000000,0x000000008290f040,0x0000000085780000)
 Metaspace       used 84003K, capacity 88434K, committed 88576K, reserved 1126400K
  class space    used 11205K, capacity 11990K, committed 12032K, reserved 1048576K

Card table byte_map: [0x0000000011f90000,0x00000000123a0000] byte_map_base: 0x0000000011b90000

Marking Bits: (ParMarkBitMap*) 0x00000000622bf030
 Begin Bits: [0x0000000012e50000, 0x0000000014e50000)
 End Bits:   [0x0000000014e50000, 0x0000000016e50000)

Polling page: 0x00000000010f0000

CodeCache: size=245760Kb used=31198Kb max_used=31198Kb free=214561Kb
 bounds [0x0000000002bd0000, 0x0000000004a80000, 0x0000000011bd0000]
 total_blobs=10208 nmethods=9340 adapters=781
 compilation: enabled

Compilation events (10 events):
Event: 127.227 Thread 0x0000000019a54000 10806       3       com.sun.tools.javac.model.JavacElements::getAllAnnotationMirrors (6 bytes)
Event: 127.227 Thread 0x0000000019a54000 nmethod 10806 0x0000000004a507d0 code [0x0000000004a50940, 0x0000000004a50ac8]
Event: 127.227 Thread 0x0000000019a54000 10808       3       com.sun.tools.javac.processing.JavacProcessingEnvironment$ComputeAnnotationSet::scan (10 bytes)
Event: 127.228 Thread 0x0000000019a54000 nmethod 10808 0x0000000004a49c10 code [0x0000000004a49da0, 0x0000000004a4a2f8]
Event: 127.228 Thread 0x0000000019a54000 10809       3       com.sun.tools.javac.code.Attribute$Compound::getAnnotationType (8 bytes)
Event: 127.228 Thread 0x0000000019a54000 nmethod 10809 0x0000000004a497d0 code [0x0000000004a49940, 0x0000000004a49b90]
Event: 127.228 Thread 0x0000000019a54000 10810       3       com.sun.tools.javac.code.Type$ClassType::asElement (5 bytes)
Event: 127.228 Thread 0x0000000019a54000 nmethod 10810 0x0000000004a50490 code [0x0000000004a505e0, 0x0000000004a50750]
Event: 127.228 Thread 0x0000000019a54000 10812       3       com.sun.tools.javac.code.Symbol$VarSymbol::accept (9 bytes)
Event: 127.228 Thread 0x0000000019a54000 nmethod 10812 0x0000000004a49350 code [0x0000000004a494c0, 0x0000000004a496e8]

GC Heap History (10 events):
Event: 25.186 GC heap before
{Heap before GC invocations=17 (full 2):
 PSYoungGen      total 145920K, used 143226K [0x00000000d5580000, 0x00000000df500000, 0x0000000100000000)
  eden space 134656K, 98% used [0x00000000d5580000,0x00000000dd6605a0,0x00000000dd900000)
  from space 11264K, 99% used [0x00000000de700000,0x00000000df1fe2e0,0x00000000df200000)
  to   space 14336K, 0% used [0x00000000dd900000,0x00000000dd900000,0x00000000de700000)
 ParOldGen       total 52736K, used 17583K [0x0000000080000000, 0x0000000083380000, 0x00000000d5580000)
  object space 52736K, 33% used [0x0000000080000000,0x000000008112be50,0x0000000083380000)
 Metaspace       used 56432K, capacity 59054K, committed 59096K, reserved 1099776K
  class space    used 7543K, capacity 8048K, committed 8064K, reserved 1048576K
Event: 25.225 GC heap after
Heap after GC invocations=17 (full 2):
 PSYoungGen      total 148992K, used 14320K [0x00000000d5580000, 0x00000000e2400000, 0x0000000100000000)
  eden space 134656K, 0% used [0x00000000d5580000,0x00000000d5580000,0x00000000dd900000)
  from space 14336K, 99% used [0x00000000dd900000,0x00000000de6fc108,0x00000000de700000)
  to   space 18944K, 0% used [0x00000000e1180000,0x00000000e1180000,0x00000000e2400000)
 ParOldGen       total 52736K, used 23836K [0x0000000080000000, 0x0000000083380000, 0x00000000d5580000)
  object space 52736K, 45% used [0x0000000080000000,0x0000000081747138,0x0000000083380000)
 Metaspace       used 56432K, capacity 59054K, committed 59096K, reserved 1099776K
  class space    used 7543K, capacity 8048K, committed 8064K, reserved 1048576K
}
Event: 25.225 GC heap before
{Heap before GC invocations=18 (full 3):
 PSYoungGen      total 148992K, used 14320K [0x00000000d5580000, 0x00000000e2400000, 0x0000000100000000)
  eden space 134656K, 0% used [0x00000000d5580000,0x00000000d5580000,0x00000000dd900000)
  from space 14336K, 99% used [0x00000000dd900000,0x00000000de6fc108,0x00000000de700000)
  to   space 18944K, 0% used [0x00000000e1180000,0x00000000e1180000,0x00000000e2400000)
 ParOldGen       total 52736K, used 23836K [0x0000000080000000, 0x0000000083380000, 0x00000000d5580000)
  object space 52736K, 45% used [0x0000000080000000,0x0000000081747138,0x0000000083380000)
 Metaspace       used 56432K, capacity 59054K, committed 59096K, reserved 1099776K
  class space    used 7543K, capacity 8048K, committed 8064K, reserved 1048576K
Event: 25.535 GC heap after
Heap after GC invocations=18 (full 3):
 PSYoungGen      total 148992K, used 0K [0x00000000d5580000, 0x00000000e2400000, 0x0000000100000000)
  eden space 134656K, 0% used [0x00000000d5580000,0x00000000d5580000,0x00000000dd900000)
  from space 14336K, 0% used [0x00000000dd900000,0x00000000dd900000,0x00000000de700000)
  to   space 18944K, 0% used [0x00000000e1180000,0x00000000e1180000,0x00000000e2400000)
 ParOldGen       total 89600K, used 36471K [0x0000000080000000, 0x0000000085780000, 0x00000000d5580000)
  object space 89600K, 40% used [0x0000000080000000,0x000000008239dd78,0x0000000085780000)
 Metaspace       used 56382K, capacity 58886K, committed 59096K, reserved 1099776K
  class space    used 7528K, capacity 8020K, committed 8064K, reserved 1048576K
}
Event: 32.612 GC heap before
{Heap before GC invocations=19 (full 3):
 PSYoungGen      total 148992K, used 134656K [0x00000000d5580000, 0x00000000e2400000, 0x0000000100000000)
  eden space 134656K, 100% used [0x00000000d5580000,0x00000000dd900000,0x00000000dd900000)
  from space 14336K, 0% used [0x00000000dd900000,0x00000000dd900000,0x00000000de700000)
  to   space 18944K, 0% used [0x00000000e1180000,0x00000000e1180000,0x00000000e2400000)
 ParOldGen       total 89600K, used 36471K [0x0000000080000000, 0x0000000085780000, 0x00000000d5580000)
  object space 89600K, 40% used [0x0000000080000000,0x000000008239dd78,0x0000000085780000)
 Metaspace       used 66232K, capacity 69140K, committed 69376K, reserved 1110016K
  class space    used 9074K, capacity 9633K, committed 9728K, reserved 1048576K
Event: 32.640 GC heap after
Heap after GC invocations=19 (full 3):
 PSYoungGen      total 180736K, used 15209K [0x00000000d5580000, 0x00000000e2080000, 0x0000000100000000)
  eden space 165376K, 0% used [0x00000000d5580000,0x00000000d5580000,0x00000000df700000)
  from space 15360K, 99% used [0x00000000e1180000,0x00000000e205a6f0,0x00000000e2080000)
  to   space 20480K, 0% used [0x00000000df880000,0x00000000df880000,0x00000000e0c80000)
 ParOldGen       total 89600K, used 36479K [0x0000000080000000, 0x0000000085780000, 0x00000000d5580000)
  object space 89600K, 40% used [0x0000000080000000,0x000000008239fd78,0x0000000085780000)
 Metaspace       used 66232K, capacity 69140K, committed 69376K, reserved 1110016K
  class space    used 9074K, capacity 9633K, committed 9728K, reserved 1048576K
}
Event: 39.094 GC heap before
{Heap before GC invocations=20 (full 3):
 PSYoungGen      total 180736K, used 180585K [0x00000000d5580000, 0x00000000e2080000, 0x0000000100000000)
  eden space 165376K, 100% used [0x00000000d5580000,0x00000000df700000,0x00000000df700000)
  from space 15360K, 99% used [0x00000000e1180000,0x00000000e205a6f0,0x00000000e2080000)
  to   space 20480K, 0% used [0x00000000df880000,0x00000000df880000,0x00000000e0c80000)
 ParOldGen       total 89600K, used 36479K [0x0000000080000000, 0x0000000085780000, 0x00000000d5580000)
  object space 89600K, 40% used [0x0000000080000000,0x000000008239fd78,0x0000000085780000)
 Metaspace       used 69976K, capacity 73952K, committed 74112K, reserved 1114112K
  class space    used 9612K, capacity 10353K, committed 10368K, reserved 1048576K
Event: 39.141 GC heap after
Heap after GC invocations=20 (full 3):
 PSYoungGen      total 187392K, used 20087K [0x00000000d5580000, 0x00000000e3b80000, 0x0000000100000000)
  eden space 166912K, 0% used [0x00000000d5580000,0x00000000d5580000,0x00000000df880000)
  from space 20480K, 98% used [0x00000000df880000,0x00000000e0c1dec0,0x00000000e0c80000)
  to   space 23552K, 0% used [0x00000000e2480000,0x00000000e2480000,0x00000000e3b80000)
 ParOldGen       total 89600K, used 36487K [0x0000000080000000, 0x0000000085780000, 0x00000000d5580000)
  object space 89600K, 40% used [0x0000000080000000,0x00000000823a1d78,0x0000000085780000)
 Metaspace       used 69976K, capacity 73952K, committed 74112K, reserved 1114112K
  class space    used 9612K, capacity 10353K, committed 10368K, reserved 1048576K
}
Event: 85.010 GC heap before
{Heap before GC invocations=21 (full 3):
 PSYoungGen      total 187392K, used 186999K [0x00000000d5580000, 0x00000000e3b80000, 0x0000000100000000)
  eden space 166912K, 100% used [0x00000000d5580000,0x00000000df880000,0x00000000df880000)
  from space 20480K, 98% used [0x00000000df880000,0x00000000e0c1dec0,0x00000000e0c80000)
  to   space 23552K, 0% used [0x00000000e2480000,0x00000000e2480000,0x00000000e3b80000)
 ParOldGen       total 89600K, used 36487K [0x0000000080000000, 0x0000000085780000, 0x00000000d5580000)
  object space 89600K, 40% used [0x0000000080000000,0x00000000823a1d78,0x0000000085780000)
 Metaspace       used 76558K, capacity 80874K, committed 81024K, reserved 1118208K
  class space    used 10503K, capacity 11295K, committed 11392K, reserved 1048576K
Event: 98.971 GC heap after
Heap after GC invocations=21 (full 3):
 PSYoungGen      total 190464K, used 23533K [0x00000000d5580000, 0x00000000e3b80000, 0x0000000100000000)
  eden space 166912K, 0% used [0x00000000d5580000,0x00000000d5580000,0x00000000df880000)
  from space 23552K, 99% used [0x00000000e2480000,0x00000000e3b7b710,0x00000000e3b80000)
  to   space 20480K, 0% used [0x00000000df880000,0x00000000df880000,0x00000000e0c80000)
 ParOldGen       total 89600K, used 42044K [0x0000000080000000, 0x0000000085780000, 0x00000000d5580000)
  object space 89600K, 46% used [0x0000000080000000,0x000000008290f040,0x0000000085780000)
 Metaspace       used 76558K, capacity 80874K, committed 81024K, reserved 1118208K
  class space    used 10503K, capacity 11295K, committed 11392K, reserved 1048576K
}

Deoptimization events (10 events):
Event: 119.590 Thread 0x000000001ccbe000 Uncommon trap: reason=unstable_if action=reinterpret pc=0x00000000039453d4 method=java.lang.StringCoding$StringDecoder.decode([BII)[C @ 20
Event: 119.592 Thread 0x000000001ccbe000 Uncommon trap: reason=unstable_if action=reinterpret pc=0x0000000002eaccf4 method=java.io.File.equals(Ljava/lang/Object;)Z @ 1
Event: 119.641 Thread 0x000000001ccbe000 Uncommon trap: reason=array_check action=maybe_recompile pc=0x000000000458b1f4 method=java.util.ComparableTimSort.reverseRange([Ljava/lang/Object;II)V @ 20
Event: 119.647 Thread 0x000000001ccbe000 Uncommon trap: reason=array_check action=maybe_recompile pc=0x000000000458b1f4 method=java.util.ComparableTimSort.reverseRange([Ljava/lang/Object;II)V @ 20
Event: 119.686 Thread 0x000000001ccbe000 Uncommon trap: reason=predicate action=maybe_recompile pc=0x0000000003f61508 method=java.util.Collections.indexedBinarySearch(Ljava/util/List;Ljava/lang/Object;)I @ 16
Event: 119.694 Thread 0x000000001ccbe000 Uncommon trap: reason=array_check action=maybe_recompile pc=0x00000000047d7188 method=java.util.ComparableTimSort.reverseRange([Ljava/lang/Object;II)V @ 27
Event: 119.695 Thread 0x000000001ccbe000 Uncommon trap: reason=array_check action=maybe_recompile pc=0x00000000047d7188 method=java.util.ComparableTimSort.reverseRange([Ljava/lang/Object;II)V @ 27
Event: 120.171 Thread 0x000000001ccbe000 Uncommon trap: reason=unstable_if action=reinterpret pc=0x0000000004762220 method=com.sun.tools.javac.util.Name$Table.equals([BI[BII)Z @ 22
Event: 120.290 Thread 0x000000001ccbe000 Uncommon trap: reason=unstable_if action=reinterpret pc=0x00000000047a45a8 method=com.sun.tools.javac.util.Name$Table.equals([BI[BII)Z @ 22
Event: 125.908 Thread 0x000000001ccbe000 Uncommon trap: reason=unloaded action=reinterpret pc=0x00000000048bf50c method=com.sun.tools.javac.jvm.ClassReader.readPool(I)Ljava/lang/Object; @ 413

Classes redefined (0 events):
No events

Internal exceptions (10 events):
Event: 60.825 Thread 0x000000001cd16800 Exception <a 'java/lang/NoSuchMethodError': <clinit>> (0x00000000db997168) thrown at [C:\src\AOSP-openjdk-git\hotspot\src\share\vm\prims\jni.cpp, line 1615]
Event: 80.638 Thread 0x000000001cb61800 Exception <a 'java/lang/NoSuchMethodError': <clinit>> (0x00000000dd1255f0) thrown at [C:\src\AOSP-openjdk-git\hotspot\src\share\vm\prims\jni.cpp, line 1615]
Event: 82.617 Thread 0x000000001cb10000 Exception <a 'java/lang/NoSuchMethodError': <clinit>> (0x00000000ddd14fe8) thrown at [C:\src\AOSP-openjdk-git\hotspot\src\share\vm\prims\jni.cpp, line 1615]
Event: 84.714 Thread 0x000000001cb10000 Exception <a 'java/lang/NoSuchMethodError': <clinit>> (0x00000000def93378) thrown at [C:\src\AOSP-openjdk-git\hotspot\src\share\vm\prims\jni.cpp, line 1615]
Event: 99.250 Thread 0x000000001ccb6800 Implicit null exception at 0x000000000435a32e to 0x000000000435a393
Event: 99.860 Thread 0x000000001ccbe000 Exception <a 'java/lang/NoSuchMethodError': <clinit>> (0x00000000d5ed6740) thrown at [C:\src\AOSP-openjdk-git\hotspot\src\share\vm\prims\jni.cpp, line 1615]
Event: 99.902 Thread 0x000000001ccbe000 Exception <a 'java/lang/NoSuchMethodError': <clinit>> (0x00000000d5f0d090) thrown at [C:\src\AOSP-openjdk-git\hotspot\src\share\vm\prims\jni.cpp, line 1615]
Event: 100.038 Thread 0x000000001ccbe000 Exception <a 'java/lang/NoSuchMethodError': <clinit>> (0x00000000d601ee48) thrown at [C:\src\AOSP-openjdk-git\hotspot\src\share\vm\prims\jni.cpp, line 1615]
Event: 100.382 Thread 0x000000001ccbb800 Implicit null exception at 0x00000000046598c1 to 0x000000000465a17d
Event: 119.592 Thread 0x000000001ccbe000 Implicit null exception at 0x0000000002eac62f to 0x0000000002eacce1

Events (10 events):
Event: 127.297 loading class com/google/common/collect/AbstractIndexedListIterator
Event: 127.297 loading class com/google/common/collect/AbstractIndexedListIterator done
Event: 127.300 loading class com/google/common/collect/ImmutableList$SubList
Event: 127.300 loading class com/google/common/collect/ImmutableList$SubList done
Event: 127.302 loading class com/google/common/collect/RegularImmutableList
Event: 127.302 loading class com/google/common/collect/RegularImmutableList done
Event: 127.304 loading class com/google/common/collect/ObjectArrays
Event: 127.304 loading class com/google/common/collect/ObjectArrays done
Event: 127.306 loading class androidx/room/processor/Context
Event: 127.306 loading class androidx/room/processor/Context done


Dynamic libraries:
0x00007ff761330000 - 0x00007ff761361000 	C:\Program Files\Android\Android Studio\jre\bin\java.exe
0x00007ffa8a2f0000 - 0x00007ffa8a4e5000 	C:\WINDOWS\SYSTEM32\ntdll.dll
0x00007ffa8a010000 - 0x00007ffa8a0cd000 	C:\WINDOWS\System32\KERNEL32.DLL
0x00007ffa87e20000 - 0x00007ffa880e8000 	C:\WINDOWS\System32\KERNELBASE.dll
0x00007ffa89130000 - 0x00007ffa891dc000 	C:\WINDOWS\System32\ADVAPI32.dll
0x00007ffa88710000 - 0x00007ffa887ae000 	C:\WINDOWS\System32\msvcrt.dll
0x00007ffa887b0000 - 0x00007ffa8884b000 	C:\WINDOWS\System32\sechost.dll
0x00007ffa888b0000 - 0x00007ffa889db000 	C:\WINDOWS\System32\RPCRT4.dll
0x00007ffa88350000 - 0x00007ffa884f0000 	C:\WINDOWS\System32\USER32.dll
0x00007ffa881f0000 - 0x00007ffa88212000 	C:\WINDOWS\System32\win32u.dll
0x00007ffa8a0d0000 - 0x00007ffa8a0fa000 	C:\WINDOWS\System32\GDI32.dll
0x00007ffa87bb0000 - 0x00007ffa87cbb000 	C:\WINDOWS\System32\gdi32full.dll
0x00007ffa87ab0000 - 0x00007ffa87b4d000 	C:\WINDOWS\System32\msvcp_win.dll
0x00007ffa880f0000 - 0x00007ffa881f0000 	C:\WINDOWS\System32\ucrtbase.dll
0x00007ffa76970000 - 0x00007ffa76c0a000 	C:\WINDOWS\WinSxS\amd64_microsoft.windows.common-controls_6595b64144ccf1df_6.0.19041.844_none_ca00b6081b84eb1d\COMCTL32.dll
0x00007ffa89de0000 - 0x00007ffa89e10000 	C:\WINDOWS\System32\IMM32.DLL
0x00000000615f0000 - 0x00000000616c2000 	C:\Program Files\Android\Android Studio\jre\jre\bin\msvcr100.dll
0x0000000061af0000 - 0x000000006233b000 	C:\Program Files\Android\Android Studio\jre\jre\bin\server\jvm.dll
0x00007ffa886a0000 - 0x00007ffa886a8000 	C:\WINDOWS\System32\PSAPI.DLL
0x00007ffa76f20000 - 0x00007ffa76f47000 	C:\WINDOWS\SYSTEM32\WINMM.dll
0x00007ffa7fb70000 - 0x00007ffa7fb7a000 	C:\WINDOWS\SYSTEM32\VERSION.dll
0x00007ffa734c0000 - 0x00007ffa734c9000 	C:\WINDOWS\SYSTEM32\WSOCK32.dll
0x00007ffa89d70000 - 0x00007ffa89ddb000 	C:\WINDOWS\System32\ws2_32.DLL
0x00007ffa82ff0000 - 0x00007ffa82fff000 	C:\Program Files\Android\Android Studio\jre\jre\bin\verify.dll
0x00007ffa6e2c0000 - 0x00007ffa6e2e9000 	C:\Program Files\Android\Android Studio\jre\jre\bin\java.dll
0x00007ffa768e0000 - 0x00007ffa768f6000 	C:\Program Files\Android\Android Studio\jre\jre\bin\zip.dll
0x00007ffa889e0000 - 0x00007ffa89122000 	C:\WINDOWS\System32\SHELL32.dll
0x00007ffa85a60000 - 0x00007ffa861f0000 	C:\WINDOWS\SYSTEM32\windows.storage.dll
0x00007ffa89a10000 - 0x00007ffa89d65000 	C:\WINDOWS\System32\combase.dll
0x00007ffa873d0000 - 0x00007ffa873fc000 	C:\WINDOWS\SYSTEM32\Wldp.dll
0x00007ffa89f60000 - 0x00007ffa8a00e000 	C:\WINDOWS\System32\SHCORE.dll
0x00007ffa898d0000 - 0x00007ffa89925000 	C:\WINDOWS\System32\shlwapi.dll
0x00007ffa87970000 - 0x00007ffa8798f000 	C:\WINDOWS\SYSTEM32\profapi.dll
0x00007ffa6e100000 - 0x00007ffa6e11a000 	C:\Program Files\Android\Android Studio\jre\jre\bin\net.dll
0x00007ffa87140000 - 0x00007ffa871aa000 	C:\WINDOWS\system32\mswsock.dll
0x00007ffa6e0e0000 - 0x00007ffa6e0f3000 	C:\Program Files\Android\Android Studio\jre\jre\bin\nio.dll
0x00007ffa6e420000 - 0x00007ffa6e447000 	C:\Users\dinij\.gradle\native\49d0259a56938c7f99b2704e745ce422c4f750a7a20b539a32ccef96729676b1\windows-amd64\native-platform.dll
0x00007ffa4a4a0000 - 0x00007ffa4a636000 	C:\Users\dinij\.gradle\native\12488b8bf47d2d4c9fbf2f6322a914ad602e24e48041cd04a747c6da556b65c4\windows-amd64\native-platform-file-events.dll
0x00007ffa82f90000 - 0x00007ffa82f9d000 	C:\Program Files\Android\Android Studio\jre\jre\bin\management.dll
0x00007ffa87310000 - 0x00007ffa87328000 	C:\WINDOWS\SYSTEM32\CRYPTSP.dll
0x00007ffa86ae0000 - 0x00007ffa86b14000 	C:\WINDOWS\system32\rsaenh.dll
0x00007ffa88320000 - 0x00007ffa88347000 	C:\WINDOWS\System32\bcrypt.dll
0x00007ffa87930000 - 0x00007ffa8795e000 	C:\WINDOWS\SYSTEM32\USERENV.dll
0x00007ffa87a30000 - 0x00007ffa87ab0000 	C:\WINDOWS\System32\bcryptprimitives.dll
0x00007ffa87330000 - 0x00007ffa8733c000 	C:\WINDOWS\SYSTEM32\CRYPTBASE.dll
0x00007ffa86e30000 - 0x00007ffa86e6b000 	C:\WINDOWS\SYSTEM32\IPHLPAPI.DLL
0x00007ffa88550000 - 0x00007ffa88558000 	C:\WINDOWS\System32\NSI.dll
0x00007ffa85050000 - 0x00007ffa85067000 	C:\WINDOWS\SYSTEM32\dhcpcsvc6.DLL
0x00007ffa85030000 - 0x00007ffa8504d000 	C:\WINDOWS\SYSTEM32\dhcpcsvc.DLL
0x00007ffa86e70000 - 0x00007ffa86f3c000 	C:\WINDOWS\SYSTEM32\DNSAPI.dll
0x00007ffa6d6d0000 - 0x00007ffa6d6ee000 	C:\Users\dinij\AppData\Local\Temp\native-platform7712421765304905546dir\native-platform.dll

VM Arguments:
jvm_args: -Xmx2048m -Dfile.encoding=UTF-8 -Duser.country=US -Duser.language=en -Duser.variant 
java_command: org.gradle.launcher.daemon.bootstrap.GradleDaemon 6.9
java_class_path (initial): C:\Users\dinij\.gradle\wrapper\dists\gradle-6.9-bin\2ecsmyp3bolyybemj56vfn4mt\gradle-6.9\lib\gradle-launcher-6.9.jar
Launcher Type: SUN_STANDARD

Environment Variables:
JAVA_HOME=C:\Program Files\jdk-15
PATH=C:\Program Files (x86)\Common Files\Oracle\Java\javapath;C:\Program Files (x86)\Intel\iCLS Client\;C:\Program Files\Intel\iCLS Client\;C:\WINDOWS\system32;C:\WINDOWS;C:\WINDOWS\System32\Wbem;C:\WINDOWS\System32\WindowsPowerShell\v1.0\;C:\Program Files (x86)\Intel\Intel(R) Management Engine Components\DAL;C:\Program Files\Intel\Intel(R) Management Engine Components\DAL;C:\Program Files (x86)\Intel\Intel(R) Management Engine Components\IPT;C:\Program Files\Intel\Intel(R) Management Engine Components\IPT;C:\WINDOWS\System32\OpenSSH\;C:\Program Files\Intel\WiFi\bin\;C:\Program Files\Common Files\Intel\WirelessCommon\;C:\Program Files\Git\cmd;C:\Program Files\jdk-15\bin;C:\Program Files\dotnet\;C:\Program Files\Microsoft SQL Server\130\Tools\Binn\;C:\Program Files\Microsoft SQL Server\Client SDK\ODBC\170\Tools\Binn\;C:\Users\dinij\AppData\Local\Microsoft\WindowsApps;C:\texlive\2018\bin\win32;C:\Users\dinij\.dotnet\tools
USERNAME=dinij
OS=Windows_NT
PROCESSOR_IDENTIFIER=Intel64 Family 6 Model 142 Stepping 10, GenuineIntel



---------------  S Y S T E M  ---------------

OS: Windows 10.0 , 64 bit Build 19041 (10.0.19041.928)

CPU:total 8 (initial active 8) (4 cores per cpu, 2 threads per core) family 6 model 142 stepping 10, cmov, cx8, fxsr, mmx, sse, sse2, sse3, ssse3, sse4.1, sse4.2, popcnt, avx, avx2, aes, clmul, erms, 3dnowpref, lzcnt, ht, tsc, tscinvbit, bmi1, bmi2, adx

Memory: 4k page, physical 4109220k(210104k free), swap 16692132k(596k free)

vm_info: OpenJDK 64-Bit Server VM (25.242-b01) for windows-amd64 JRE (1.8.0_242-release-1644-b01), built by "builder" with MS VC++ 10.0 (VS2010)

time: Mon Jun 14 03:02:19 2021
timezone: Central European Summer Time
elapsed time: 127 seconds (0d 0h 2m 7s)

