#
# There is insufficient memory for the Java Runtime Environment to continue.
# Native memory allocation (malloc) failed to allocate 998416 bytes for Chunk::new
# Possible reasons:
#   The system is out of physical RAM or swap space
#   The process is running with CompressedOops enabled, and the Java Heap may be blocking the growth of the native heap
# Possible solutions:
#   Reduce memory load on the system
#   Increase physical memory or swap space
#   Check if swap backing store is full
#   Decrease Java heap size (-Xmx/-Xms)
#   Decrease number of Java threads
#   Decrease Java thread stack sizes (-Xss)
#   Set larger code cache with -XX:ReservedCodeCacheSize=
#   JVM is running with Unscaled Compressed Oops mode in which the Java heap is
#     placed in the first 4GB address space. The Java Heap base address is the
#     maximum limit for the native heap growth. Please use -XX:HeapBaseMinAddress
#     to set the Java Heap base and to place the Java Heap above 4GB virtual address.
# This output file may be truncated or incomplete.
#
#  Out of Memory Error (allocation.cpp:389), pid=19732, tid=0x0000000000004d9c
#
# JRE version: OpenJDK Runtime Environment (8.0_242-b01) (build 1.8.0_242-release-1644-b01)
# Java VM: OpenJDK 64-Bit Server VM (25.242-b01 mixed mode windows-amd64 compressed oops)
# Failed to write core dump. Minidumps are not enabled by default on client versions of Windows
#

---------------  T H R E A D  ---------------

Current thread (0x0000000019b53000):  JavaThread "C2 CompilerThread1" daemon [_thread_in_native, id=19868, stack(0x000000001a520000,0x000000001a620000)]

Stack: [0x000000001a520000,0x000000001a620000]
[error occurred during error reporting (printing stack bounds), id 0xc0000005]

Native frames: (J=compiled Java code, j=interpreted, Vv=VM code, C=native code)


Current CompileTask:
C2:1142620 13808       4       java.io.ObjectOutputStream::writeClassDesc (60 bytes)


---------------  P R O C E S S  ---------------

Java Threads: ( => current thread )
  0x000000002ce16800 JavaThread "RMI TCP Connection(11)-127.0.0.1" daemon [_thread_in_native, id=16400, stack(0x0000000031890000,0x0000000031990000)]
  0x000000002ce1d800 JavaThread "RMI TCP Connection(12)-127.0.0.1" daemon [_thread_in_native, id=11276, stack(0x0000000031790000,0x0000000031890000)]
  0x000000002ce1c800 JavaThread "RMI RenewClean-[127.0.0.1:17140,org.jetbrains.kotlin.daemon.common.LoopbackNetworkInterface$ClientLoopbackSocketFactory@389de674]" daemon [_thread_blocked, id=17844, stack(0x0000000031690000,0x0000000031790000)]
  0x000000002ce1c000 JavaThread "RMI TCP Connection(idle)" daemon [_thread_blocked, id=15880, stack(0x0000000031590000,0x0000000031690000)]
  0x000000002ce1a800 JavaThread "RMI RenewClean-[127.0.0.1:17140,org.jetbrains.kotlin.daemon.common.LoopbackNetworkInterface$ClientLoopbackSocketFactory@47e2125f]" daemon [_thread_blocked, id=5008, stack(0x0000000000e10000,0x0000000000f10000)]
  0x000000002ce19000 JavaThread "Cache worker for execution history cache (C:\Users\dinij\AndroidStudioProjects\master\.gradle\6.9\executionHistory)" [_thread_blocked, id=10652, stack(0x0000000031490000,0x0000000031590000)]
  0x000000002ce1b000 JavaThread "Execution worker for ':' Thread 7" [_thread_blocked, id=10348, stack(0x0000000031390000,0x0000000031490000)]
  0x000000002ce13800 JavaThread "Execution worker for ':' Thread 6" [_thread_blocked, id=1408, stack(0x0000000031290000,0x0000000031390000)]
  0x000000002ce14800 JavaThread "Execution worker for ':' Thread 5" [_thread_in_vm, id=18092, stack(0x0000000031190000,0x0000000031290000)]
  0x000000002ce16000 JavaThread "Execution worker for ':' Thread 4" [_thread_blocked, id=18400, stack(0x0000000031090000,0x0000000031190000)]
  0x000000002ce18000 JavaThread "Execution worker for ':' Thread 3" [_thread_blocked, id=20424, stack(0x0000000030f90000,0x0000000031090000)]
  0x000000002ce13000 JavaThread "Execution worker for ':' Thread 2" [_thread_blocked, id=19356, stack(0x0000000030e90000,0x0000000030f90000)]
  0x000000002ce19800 JavaThread "Execution worker for ':'" [_thread_blocked, id=16484, stack(0x0000000030d90000,0x0000000030e90000)]
  0x000000001c663000 JavaThread "Build operations Thread 8" [_thread_blocked, id=16644, stack(0x0000000025dd0000,0x0000000025ed0000)]
  0x000000001c669800 JavaThread "Build operations Thread 7" [_thread_blocked, id=7856, stack(0x0000000023e60000,0x0000000023f60000)]
  0x000000001c662000 JavaThread "Build operations Thread 6" [_thread_blocked, id=10272, stack(0x0000000023d60000,0x0000000023e60000)]
  0x000000001c669000 JavaThread "Build operations Thread 5" [_thread_blocked, id=17840, stack(0x0000000023c60000,0x0000000023d60000)]
  0x000000001c668000 JavaThread "Build operations Thread 4" [_thread_blocked, id=16844, stack(0x0000000023b60000,0x0000000023c60000)]
  0x000000001f921000 JavaThread "Build operations Thread 3" [_thread_blocked, id=11864, stack(0x0000000023a60000,0x0000000023b60000)]
  0x000000001f922800 JavaThread "Build operations Thread 2" [_thread_blocked, id=4780, stack(0x0000000023960000,0x0000000023a60000)]
  0x000000001f922000 JavaThread "Build operations" [_thread_blocked, id=15420, stack(0x0000000023860000,0x0000000023960000)]
  0x000000001f925000 JavaThread "Cache worker for Build Output Cleanup Cache (C:\Users\dinij\AndroidStudioProjects\master\.gradle\buildOutputCleanup)" [_thread_blocked, id=13156, stack(0x0000000023760000,0x0000000023860000)]
  0x000000001f91e000 JavaThread "Cache worker for cache directory md-rule (C:\Users\dinij\.gradle\caches\6.9\md-rule)" [_thread_blocked, id=12664, stack(0x0000000023460000,0x0000000023560000)]
  0x000000001f923800 JavaThread "Cache worker for cache directory md-supplier (C:\Users\dinij\.gradle\caches\6.9\md-supplier)" [_thread_blocked, id=12360, stack(0x0000000022c60000,0x0000000022d60000)]
  0x000000001f91f000 JavaThread "Cache worker for checksums cache (C:\Users\dinij\AndroidStudioProjects\master\.gradle\checksums)" [_thread_blocked, id=15764, stack(0x0000000022460000,0x0000000022560000)]
  0x000000001f924000 JavaThread "Cache worker for file hash cache (C:\Users\dinij\AndroidStudioProjects\master\.gradle\6.9\fileHashes)" [_thread_blocked, id=7060, stack(0x0000000022360000,0x0000000022460000)]
  0x000000001f916800 JavaThread "Daemon client event forwarder" [_thread_blocked, id=2164, stack(0x0000000020fb0000,0x00000000210b0000)]
  0x000000001f91b000 JavaThread "Asynchronous log dispatcher for DefaultDaemonConnection: socket connection from /127.0.0.1:52430 to /127.0.0.1:61351" [_thread_blocked, id=10612, stack(0x000000001e460000,0x000000001e560000)]
  0x000000001f91d800 JavaThread "Daemon worker Thread 2" [_thread_blocked, id=2068, stack(0x000000001e360000,0x000000001e460000)]
  0x000000001f91a800 JavaThread "Cancel handler" [_thread_blocked, id=17116, stack(0x000000001e160000,0x000000001e260000)]
  0x000000001f916000 JavaThread "Handler for socket connection from /127.0.0.1:52430 to /127.0.0.1:61351" [_thread_in_native, id=15376, stack(0x000000001e060000,0x000000001e160000)]
  0x000000001f919000 JavaThread "Daemon Thread 2" [_thread_blocked, id=16336, stack(0x000000001df60000,0x000000001e060000)]
  0x000000001f278000 JavaThread "RMI Reaper" [_thread_blocked, id=11524, stack(0x000000002f290000,0x000000002f390000)]
  0x000000001f27d000 JavaThread "RMI TCP Accept-0" daemon [_thread_in_native, id=8016, stack(0x000000002f190000,0x000000002f290000)]
  0x000000001f279800 JavaThread "GC Daemon" daemon [_thread_blocked, id=8744, stack(0x000000002f090000,0x000000002f190000)]
  0x000000001f277000 JavaThread "RMI Scheduler(0)" daemon [_thread_blocked, id=19408, stack(0x000000002ee90000,0x000000002ef90000)]
  0x000000001f272000 JavaThread "Memory manager" [_thread_blocked, id=17472, stack(0x000000002b960000,0x000000002ba60000)]
  0x000000001cf62000 JavaThread "Cache worker for file content cache (C:\Users\dinij\.gradle\caches\6.9\fileContent)" [_thread_blocked, id=20084, stack(0x0000000022d60000,0x0000000022e60000)]
  0x000000001cf61000 JavaThread "Cache worker for execution history cache (C:\Users\dinij\.gradle\caches\6.9\executionHistory)" [_thread_blocked, id=11840, stack(0x0000000022560000,0x0000000022660000)]
  0x000000001cf5c800 JavaThread "Cache worker for journal cache (C:\Users\dinij\.gradle\caches\journal-1)" [_thread_blocked, id=18176, stack(0x000000001f930000,0x000000001fa30000)]
  0x000000001cf5f800 JavaThread "File lock request listener" [_thread_in_native, id=16020, stack(0x000000001e860000,0x000000001e960000)]
  0x000000001ceea000 JavaThread "Cache worker for file hash cache (C:\Users\dinij\.gradle\caches\6.9\fileHashes)" [_thread_blocked, id=8240, stack(0x000000001e760000,0x000000001e860000)]
  0x000000001cb3e000 JavaThread "Daemon periodic checks" [_thread_blocked, id=13252, stack(0x000000001da60000,0x000000001db60000)]
  0x000000001cc04000 JavaThread "Incoming local TCP Connector on port 52430" [_thread_in_native, id=15588, stack(0x000000001d820000,0x000000001d920000)]
  0x000000001caec800 JavaThread "Daemon health stats" [_thread_blocked, id=12788, stack(0x000000001c1f0000,0x000000001c2f0000)]
  0x0000000019b91800 JavaThread "Service Thread" daemon [_thread_blocked, id=7912, stack(0x000000001a820000,0x000000001a920000)]
  0x0000000019b67000 JavaThread "C1 CompilerThread3" daemon [_thread_blocked, id=2208, stack(0x000000001a720000,0x000000001a820000)]
  0x0000000019b59000 JavaThread "C2 CompilerThread2" daemon [_thread_blocked, id=13600, stack(0x000000001a620000,0x000000001a720000)]
=>0x0000000019b53000 JavaThread "C2 CompilerThread1" daemon [_thread_in_native, id=19868, stack(0x000000001a520000,0x000000001a620000)]
  0x0000000019b51000 JavaThread "C2 CompilerThread0" daemon [_thread_blocked, id=10300, stack(0x000000001a420000,0x000000001a520000)]
  0x0000000019b50000 JavaThread "Attach Listener" daemon [_thread_blocked, id=19132, stack(0x000000001a320000,0x000000001a420000)]
  0x0000000019b56800 JavaThread "Signal Dispatcher" daemon [_thread_blocked, id=7296, stack(0x000000001a220000,0x000000001a320000)]
  0x0000000019b40800 JavaThread "Finalizer" daemon [_thread_blocked, id=9508, stack(0x000000001a020000,0x000000001a120000)]
  0x0000000002ca8000 JavaThread "Reference Handler" daemon [_thread_blocked, id=4256, stack(0x0000000019f20000,0x000000001a020000)]
  0x000000000122e000 JavaThread "main" [_thread_blocked, id=3208, stack(0x0000000002ab0000,0x0000000002bb0000)]

Other Threads:
  0x0000000017d16000 VMThread [stack: 0x0000000019a20000,0x0000000019b20000] [id=1028]
  0x0000000019b92000 WatcherThread [stack: 0x000000001a920000,0x000000001aa20000] [id=20340]

VM state:not at safepoint (normal execution)

VM Mutex/Monitor currently owned by a thread: None

heap address: 0x0000000080000000, size: 2048 MB, Compressed Oops mode: 32-bit
Narrow klass base: 0x0000000000000000, Narrow klass shift: 3
Compressed class space size: 1073741824 Address: 0x0000000100000000

Heap:
 PSYoungGen      total 312832K, used 170653K [0x00000000d5580000, 0x00000000eca80000, 0x0000000100000000)
  eden space 274944K, 62% used [0x00000000d5580000,0x00000000dfc27450,0x00000000e6200000)
  from space 37888K, 0% used [0x00000000e6200000,0x00000000e6200000,0x00000000e8700000)
  to   space 37888K, 0% used [0x00000000ea580000,0x00000000ea580000,0x00000000eca80000)
 ParOldGen       total 163328K, used 62067K [0x0000000080000000, 0x0000000089f80000, 0x00000000d5580000)
  object space 163328K, 38% used [0x0000000080000000,0x0000000083c9cc20,0x0000000089f80000)
 Metaspace       used 97628K, capacity 101818K, committed 102528K, reserved 1138688K
  class space    used 12496K, capacity 13244K, committed 13440K, reserved 1048576K

Card table byte_map: [0x0000000012070000,0x0000000012480000] byte_map_base: 0x0000000011c70000

Marking Bits: (ParMarkBitMap*) 0x00000000622bf030
 Begin Bits: [0x0000000012f30000, 0x0000000014f30000)
 End Bits:   [0x0000000014f30000, 0x0000000016f30000)

Polling page: 0x0000000001270000

CodeCache: size=245760Kb used=38071Kb max_used=38083Kb free=207688Kb
 bounds [0x0000000002cb0000, 0x0000000005220000, 0x0000000011cb0000]
 total_blobs=12503 nmethods=11612 adapters=803
 compilation: enabled

Compilation events (10 events):
Event: 1142.497 Thread 0x0000000019b67000 13813       3       org.gradle.internal.classloader.ClassLoaderVisitor::visit (80 bytes)
Event: 1142.524 Thread 0x0000000019b67000 nmethod 13813 0x00000000052070d0 code [0x0000000005207400, 0x0000000005209228]
Event: 1142.524 Thread 0x0000000019b67000 13815       3       org.gradle.api.internal.artifacts.ivyservice.resolveengine.artifact.DefaultVisitedArtifactResults::select (125 bytes)
Event: 1142.530 Thread 0x0000000019b67000 nmethod 13815 0x0000000005209e90 code [0x000000000520a120, 0x000000000520b138]
Event: 1142.531 Thread 0x0000000019b67000 13814   !   3       org.gradle.api.internal.tasks.properties.InputParameterUtils::prepareInputParameterValue (44 bytes)
Event: 1142.537 Thread 0x0000000019b51000 13816       4       org.gradle.api.internal.artifacts.ivyservice.ResolvedFileCollectionVisitor::endVisitCollection (24 bytes)
Event: 1142.541 Thread 0x0000000019b67000 nmethod 13814 0x000000000520b950 code [0x000000000520bc00, 0x000000000520d1b8]
Event: 1142.547 Thread 0x0000000019b59000 13817       4       java.util.concurrent.FutureTask::awaitDone (171 bytes)
Event: 1142.553 Thread 0x0000000019b51000 nmethod 13816 0x00000000041d7550 code [0x00000000041d76a0, 0x00000000041d78f8]
Event: 1142.555 Thread 0x0000000019b59000 nmethod 13817 0x00000000041d6e10 code [0x00000000041d6f80, 0x00000000041d72c8]

GC Heap History (10 events):
Event: 20.092 GC heap before
{Heap before GC invocations=17 (full 3):
 PSYoungGen      total 232448K, used 212480K [0x00000000d5580000, 0x00000000e8380000, 0x0000000100000000)
  eden space 212480K, 100% used [0x00000000d5580000,0x00000000e2500000,0x00000000e2500000)
  from space 19968K, 0% used [0x00000000e2500000,0x00000000e2500000,0x00000000e3880000)
  to   space 19456K, 0% used [0x00000000e7080000,0x00000000e7080000,0x00000000e8380000)
 ParOldGen       total 98816K, used 34185K [0x0000000080000000, 0x0000000086080000, 0x00000000d5580000)
  object space 98816K, 34% used [0x0000000080000000,0x0000000082162670,0x0000000086080000)
 Metaspace       used 68406K, capacity 72312K, committed 72448K, reserved 1112064K
  class space    used 9431K, capacity 10163K, committed 10240K, reserved 1048576K
Event: 20.189 GC heap after
Heap after GC invocations=17 (full 3):
 PSYoungGen      total 269312K, used 19434K [0x00000000d5580000, 0x00000000e8380000, 0x0000000100000000)
  eden space 249856K, 0% used [0x00000000d5580000,0x00000000d5580000,0x00000000e4980000)
  from space 19456K, 99% used [0x00000000e7080000,0x00000000e837a928,0x00000000e8380000)
  to   space 23552K, 0% used [0x00000000e5580000,0x00000000e5580000,0x00000000e6c80000)
 ParOldGen       total 98816K, used 36801K [0x0000000080000000, 0x0000000086080000, 0x00000000d5580000)
  object space 98816K, 37% used [0x0000000080000000,0x00000000823f0688,0x0000000086080000)
 Metaspace       used 68406K, capacity 72312K, committed 72448K, reserved 1112064K
  class space    used 9431K, capacity 10163K, committed 10240K, reserved 1048576K
}
Event: 68.694 GC heap before
{Heap before GC invocations=18 (full 3):
 PSYoungGen      total 269312K, used 269290K [0x00000000d5580000, 0x00000000e8380000, 0x0000000100000000)
  eden space 249856K, 100% used [0x00000000d5580000,0x00000000e4980000,0x00000000e4980000)
  from space 19456K, 99% used [0x00000000e7080000,0x00000000e837a928,0x00000000e8380000)
  to   space 23552K, 0% used [0x00000000e5580000,0x00000000e5580000,0x00000000e6c80000)
 ParOldGen       total 98816K, used 36801K [0x0000000080000000, 0x0000000086080000, 0x00000000d5580000)
  object space 98816K, 37% used [0x0000000080000000,0x00000000823f0688,0x0000000086080000)
 Metaspace       used 77469K, capacity 81864K, committed 82048K, reserved 1120256K
  class space    used 10592K, capacity 11373K, committed 11392K, reserved 1048576K
Event: 68.944 GC heap after
Heap after GC invocations=18 (full 3):
 PSYoungGen      total 285696K, used 18529K [0x00000000d5580000, 0x00000000ea000000, 0x0000000100000000)
  eden space 262144K, 0% used [0x00000000d5580000,0x00000000d5580000,0x00000000e5580000)
  from space 23552K, 78% used [0x00000000e5580000,0x00000000e6798580,0x00000000e6c80000)
  to   space 25600K, 0% used [0x00000000e8700000,0x00000000e8700000,0x00000000ea000000)
 ParOldGen       total 98816K, used 49674K [0x0000000080000000, 0x0000000086080000, 0x00000000d5580000)
  object space 98816K, 50% used [0x0000000080000000,0x00000000830829b0,0x0000000086080000)
 Metaspace       used 77469K, capacity 81864K, committed 82048K, reserved 1120256K
  class space    used 10592K, capacity 11373K, committed 11392K, reserved 1048576K
}
Event: 76.403 GC heap before
{Heap before GC invocations=19 (full 3):
 PSYoungGen      total 285696K, used 280673K [0x00000000d5580000, 0x00000000ea000000, 0x0000000100000000)
  eden space 262144K, 100% used [0x00000000d5580000,0x00000000e5580000,0x00000000e5580000)
  from space 23552K, 78% used [0x00000000e5580000,0x00000000e6798580,0x00000000e6c80000)
  to   space 25600K, 0% used [0x00000000e8700000,0x00000000e8700000,0x00000000ea000000)
 ParOldGen       total 98816K, used 49674K [0x0000000080000000, 0x0000000086080000, 0x00000000d5580000)
  object space 98816K, 50% used [0x0000000080000000,0x00000000830829b0,0x0000000086080000)
 Metaspace       used 93511K, capacity 97972K, committed 98304K, reserved 1134592K
  class space    used 12267K, capacity 13051K, committed 13056K, reserved 1048576K
Event: 76.808 GC heap after
Heap after GC invocations=19 (full 3):
 PSYoungGen      total 300544K, used 25593K [0x00000000d5580000, 0x00000000ed180000, 0x0000000100000000)
  eden space 274944K, 0% used [0x00000000d5580000,0x00000000d5580000,0x00000000e6200000)
  from space 25600K, 99% used [0x00000000e8700000,0x00000000e9ffe6e8,0x00000000ea000000)
  to   space 37888K, 0% used [0x00000000e6200000,0x00000000e6200000,0x00000000e8700000)
 ParOldGen       total 98816K, used 71342K [0x0000000080000000, 0x0000000086080000, 0x00000000d5580000)
  object space 98816K, 72% used [0x0000000080000000,0x00000000845abb78,0x0000000086080000)
 Metaspace       used 93511K, capacity 97972K, committed 98304K, reserved 1134592K
  class space    used 12267K, capacity 13051K, committed 13056K, reserved 1048576K
}
Event: 105.540 GC heap before
{Heap before GC invocations=20 (full 3):
 PSYoungGen      total 300544K, used 56702K [0x00000000d5580000, 0x00000000ed180000, 0x0000000100000000)
  eden space 274944K, 11% used [0x00000000d5580000,0x00000000d73e14a8,0x00000000e6200000)
  from space 25600K, 99% used [0x00000000e8700000,0x00000000e9ffe6e8,0x00000000ea000000)
  to   space 37888K, 0% used [0x00000000e6200000,0x00000000e6200000,0x00000000e8700000)
 ParOldGen       total 98816K, used 71342K [0x0000000080000000, 0x0000000086080000, 0x00000000d5580000)
  object space 98816K, 72% used [0x0000000080000000,0x00000000845abb78,0x0000000086080000)
 Metaspace       used 93892K, capacity 98402K, committed 98496K, reserved 1134592K
  class space    used 12322K, capacity 13134K, committed 13184K, reserved 1048576K
Event: 105.765 GC heap after
Heap after GC invocations=20 (full 3):
 PSYoungGen      total 312832K, used 1238K [0x00000000d5580000, 0x00000000eca80000, 0x0000000100000000)
  eden space 274944K, 0% used [0x00000000d5580000,0x00000000d5580000,0x00000000e6200000)
  from space 37888K, 3% used [0x00000000e6200000,0x00000000e6335a00,0x00000000e8700000)
  to   space 37888K, 0% used [0x00000000ea580000,0x00000000ea580000,0x00000000eca80000)
 ParOldGen       total 98816K, used 96597K [0x0000000080000000, 0x0000000086080000, 0x00000000d5580000)
  object space 98816K, 97% used [0x0000000080000000,0x0000000085e554e0,0x0000000086080000)
 Metaspace       used 93892K, capacity 98402K, committed 98496K, reserved 1134592K
  class space    used 12322K, capacity 13134K, committed 13184K, reserved 1048576K
}
Event: 105.765 GC heap before
{Heap before GC invocations=21 (full 4):
 PSYoungGen      total 312832K, used 1238K [0x00000000d5580000, 0x00000000eca80000, 0x0000000100000000)
  eden space 274944K, 0% used [0x00000000d5580000,0x00000000d5580000,0x00000000e6200000)
  from space 37888K, 3% used [0x00000000e6200000,0x00000000e6335a00,0x00000000e8700000)
  to   space 37888K, 0% used [0x00000000ea580000,0x00000000ea580000,0x00000000eca80000)
 ParOldGen       total 98816K, used 96597K [0x0000000080000000, 0x0000000086080000, 0x00000000d5580000)
  object space 98816K, 97% used [0x0000000080000000,0x0000000085e554e0,0x0000000086080000)
 Metaspace       used 93892K, capacity 98402K, committed 98496K, reserved 1134592K
  class space    used 12322K, capacity 13134K, committed 13184K, reserved 1048576K
Event: 111.484 GC heap after
Heap after GC invocations=21 (full 4):
 PSYoungGen      total 312832K, used 0K [0x00000000d5580000, 0x00000000eca80000, 0x0000000100000000)
  eden space 274944K, 0% used [0x00000000d5580000,0x00000000d5580000,0x00000000e6200000)
  from space 37888K, 0% used [0x00000000e6200000,0x00000000e6200000,0x00000000e8700000)
  to   space 37888K, 0% used [0x00000000ea580000,0x00000000ea580000,0x00000000eca80000)
 ParOldGen       total 163328K, used 62067K [0x0000000080000000, 0x0000000089f80000, 0x00000000d5580000)
  object space 163328K, 38% used [0x0000000080000000,0x0000000083c9cc20,0x0000000089f80000)
 Metaspace       used 93634K, capacity 97616K, committed 98496K, reserved 1134592K
  class space    used 12238K, capacity 12987K, committed 13184K, reserved 1048576K
}

Deoptimization events (10 events):
Event: 1064.834 Thread 0x000000001f91d800 Uncommon trap: reason=class_check action=maybe_recompile pc=0x0000000003429c48 method=java.lang.AbstractStringBuilder.append(Ljava/lang/CharSequence;)Ljava/lang/AbstractStringBuilder; @ 26
Event: 1064.834 Thread 0x000000001f91d800 Uncommon trap: reason=class_check action=maybe_recompile pc=0x0000000003af3994 method=java.lang.AbstractStringBuilder.append(Ljava/lang/CharSequence;II)Ljava/lang/AbstractStringBuilder; @ 18
Event: 1069.681 Thread 0x000000002ce14800 Uncommon trap: reason=unstable_if action=reinterpret pc=0x00000000050b4f10 method=org.gradle.api.internal.changedetection.state.CachingFileHasher.snapshot(Ljava/io/File;JJ)Lorg/gradle/api/internal/changedetection/state/CachingFileHasher$FileInfo; @ 48
Event: 1069.698 Thread 0x000000002ce14800 Uncommon trap: reason=class_check action=maybe_recompile pc=0x00000000041dfc38 method=com.google.common.collect.CompactHashMap$Itr.<init>(Lcom/google/common/collect/CompactHashMap;)V @ 25
Event: 1082.985 Thread 0x000000002ce14800 Uncommon trap: reason=class_check action=maybe_recompile pc=0x000000000345a134 method=java.util.WeakHashMap.eq(Ljava/lang/Object;Ljava/lang/Object;)Z @ 7
Event: 1092.823 Thread 0x000000002ce14800 Uncommon trap: reason=unstable_if action=reinterpret pc=0x0000000003c932e8 method=com.google.common.collect.MapMakerInternalMap$Segment.getEntry(Ljava/lang/Object;I)Lcom/google/common/collect/MapMakerInternalMap$InternalEntry; @ 40
Event: 1092.828 Thread 0x000000002ce14800 Uncommon trap: reason=unstable_if action=reinterpret pc=0x000000000339b594 method=com.google.common.collect.MapMakerInternalMap$Segment.getEntry(Ljava/lang/Object;I)Lcom/google/common/collect/MapMakerInternalMap$InternalEntry; @ 40
Event: 1096.027 Thread 0x000000002ce14800 Uncommon trap: reason=class_check action=maybe_recompile pc=0x000000000345a134 method=java.util.WeakHashMap.eq(Ljava/lang/Object;Ljava/lang/Object;)Z @ 7
Event: 1141.636 Thread 0x000000002ce14800 Uncommon trap: reason=unstable_if action=reinterpret pc=0x0000000003455760 method=com.google.common.collect.MapMakerInternalMap$Segment.drainKeyReferenceQueue(Ljava/lang/ref/ReferenceQueue;)V @ 8
Event: 1141.672 Thread 0x000000002ce14800 Uncommon trap: reason=null_check action=make_not_entrant pc=0x00000000050bcbec method=org.gradle.api.internal.changedetection.state.CachingFileHasher.snapshot(Ljava/io/File;JJ)Lorg/gradle/api/internal/changedetection/state/CachingFileHasher$FileInfo; @ 31

Classes redefined (0 events):
No events

Internal exceptions (10 events):
Event: 1072.393 Thread 0x000000002ce14800 Exception <a 'java/net/ConnectException': Connection refused: connect> (0x00000000de5b7b68) thrown at [C:\src\AOSP-openjdk-git\hotspot\src\share\vm\prims\jni.cpp, line 737]
Event: 1074.408 Thread 0x000000002ce14800 Exception <a 'java/net/ConnectException': Connection refused: connect> (0x00000000de5b8de8) thrown at [C:\src\AOSP-openjdk-git\hotspot\src\share\vm\prims\jni.cpp, line 737]
Event: 1076.425 Thread 0x000000002ce14800 Exception <a 'java/net/ConnectException': Connection refused: connect> (0x00000000de5ba068) thrown at [C:\src\AOSP-openjdk-git\hotspot\src\share\vm\prims\jni.cpp, line 737]
Event: 1078.438 Thread 0x000000002ce14800 Exception <a 'java/net/ConnectException': Connection refused: connect> (0x00000000de5bd098) thrown at [C:\src\AOSP-openjdk-git\hotspot\src\share\vm\prims\jni.cpp, line 737]
Event: 1080.450 Thread 0x000000002ce14800 Exception <a 'java/net/ConnectException': Connection refused: connect> (0x00000000de5be318) thrown at [C:\src\AOSP-openjdk-git\hotspot\src\share\vm\prims\jni.cpp, line 737]
Event: 1082.462 Thread 0x000000002ce14800 Exception <a 'java/net/ConnectException': Connection refused: connect> (0x00000000de5bf598) thrown at [C:\src\AOSP-openjdk-git\hotspot\src\share\vm\prims\jni.cpp, line 737]
Event: 1083.036 Thread 0x000000002ce1a800 Exception <a 'java/lang/InterruptedException'> (0x00000000de63a470) thrown at [C:\src\AOSP-openjdk-git\hotspot\src\share\vm\runtime\objectMonitor.cpp, line 1680]
Event: 1092.822 Thread 0x000000002ce14800 Implicit null exception at 0x0000000003c92e3d to 0x0000000003c932c5
Event: 1096.071 Thread 0x000000002ce1c800 Exception <a 'java/lang/InterruptedException'> (0x00000000df34d1b8) thrown at [C:\src\AOSP-openjdk-git\hotspot\src\share\vm\runtime\objectMonitor.cpp, line 1680]
Event: 1141.672 Thread 0x000000002ce14800 Implicit null exception at 0x00000000050baf04 to 0x00000000050bcbd1

Events (10 events):
Event: 1141.459 Executing VM operation: RevokeBias
Event: 1141.465 Executing VM operation: RevokeBias done
Event: 1141.635 Thread 0x000000002ce14800 Uncommon trap: trap_request=0xffffff65 fr.pc=0x0000000003455760
Event: 1141.637 Thread 0x000000002ce14800 DEOPT PACKING pc=0x0000000003455760 sp=0x000000003128b320
Event: 1141.639 Thread 0x000000002ce14800 DEOPT UNPACKING pc=0x0000000002cf557b sp=0x000000003128b140 mode 2
Event: 1141.672 Thread 0x000000002ce14800 Uncommon trap: trap_request=0xfffffff4 fr.pc=0x00000000050bcbec
Event: 1141.672 Thread 0x000000002ce14800 DEOPT PACKING pc=0x00000000050bcbec sp=0x000000003128b3d0
Event: 1141.673 Thread 0x000000002ce14800 DEOPT UNPACKING pc=0x0000000002cf557b sp=0x000000003128b3a0 mode 2
Event: 1142.567 loading class org/gradle/api/internal/file/archive/impl/FileZipInput
Event: 1142.567 loading class org/gradle/api/internal/file/archive/impl/FileZipInput done


Dynamic libraries:
0x00007ff7e08b0000 - 0x00007ff7e08e1000 	C:\Program Files\Android\Android Studio\jre\bin\java.exe
0x00007ffa8a2f0000 - 0x00007ffa8a4e5000 	C:\WINDOWS\SYSTEM32\ntdll.dll
0x00007ffa8a010000 - 0x00007ffa8a0cd000 	C:\WINDOWS\System32\KERNEL32.DLL
0x00007ffa87e20000 - 0x00007ffa880e8000 	C:\WINDOWS\System32\KERNELBASE.dll
0x00007ffa89130000 - 0x00007ffa891dc000 	C:\WINDOWS\System32\ADVAPI32.dll
0x00007ffa88710000 - 0x00007ffa887ae000 	C:\WINDOWS\System32\msvcrt.dll
0x00007ffa887b0000 - 0x00007ffa8884b000 	C:\WINDOWS\System32\sechost.dll
0x00007ffa888b0000 - 0x00007ffa889db000 	C:\WINDOWS\System32\RPCRT4.dll
0x00007ffa88350000 - 0x00007ffa884f0000 	C:\WINDOWS\System32\USER32.dll
0x00007ffa881f0000 - 0x00007ffa88212000 	C:\WINDOWS\System32\win32u.dll
0x00007ffa8a0d0000 - 0x00007ffa8a0fa000 	C:\WINDOWS\System32\GDI32.dll
0x00007ffa87bb0000 - 0x00007ffa87cbb000 	C:\WINDOWS\System32\gdi32full.dll
0x00007ffa87ab0000 - 0x00007ffa87b4d000 	C:\WINDOWS\System32\msvcp_win.dll
0x00007ffa880f0000 - 0x00007ffa881f0000 	C:\WINDOWS\System32\ucrtbase.dll
0x00007ffa76970000 - 0x00007ffa76c0a000 	C:\WINDOWS\WinSxS\amd64_microsoft.windows.common-controls_6595b64144ccf1df_6.0.19041.844_none_ca00b6081b84eb1d\COMCTL32.dll
0x00007ffa89de0000 - 0x00007ffa89e10000 	C:\WINDOWS\System32\IMM32.DLL
0x00000000615f0000 - 0x00000000616c2000 	C:\Program Files\Android\Android Studio\jre\jre\bin\msvcr100.dll
0x0000000061af0000 - 0x000000006233b000 	C:\Program Files\Android\Android Studio\jre\jre\bin\server\jvm.dll
0x00007ffa886a0000 - 0x00007ffa886a8000 	C:\WINDOWS\System32\PSAPI.DLL
0x00007ffa734c0000 - 0x00007ffa734c9000 	C:\WINDOWS\SYSTEM32\WSOCK32.dll
0x00007ffa89d70000 - 0x00007ffa89ddb000 	C:\WINDOWS\System32\WS2_32.dll
0x00007ffa76f20000 - 0x00007ffa76f47000 	C:\WINDOWS\SYSTEM32\WINMM.dll
0x00007ffa7fb70000 - 0x00007ffa7fb7a000 	C:\WINDOWS\SYSTEM32\VERSION.dll
0x00007ffa82f90000 - 0x00007ffa82f9f000 	C:\Program Files\Android\Android Studio\jre\jre\bin\verify.dll
0x00007ffa6e420000 - 0x00007ffa6e449000 	C:\Program Files\Android\Android Studio\jre\jre\bin\java.dll
0x00007ffa71420000 - 0x00007ffa71436000 	C:\Program Files\Android\Android Studio\jre\jre\bin\zip.dll
0x00007ffa889e0000 - 0x00007ffa89122000 	C:\WINDOWS\System32\SHELL32.dll
0x00007ffa85a60000 - 0x00007ffa861f0000 	C:\WINDOWS\SYSTEM32\windows.storage.dll
0x00007ffa89a10000 - 0x00007ffa89d65000 	C:\WINDOWS\System32\combase.dll
0x00007ffa873d0000 - 0x00007ffa873fc000 	C:\WINDOWS\SYSTEM32\Wldp.dll
0x00007ffa89f60000 - 0x00007ffa8a00e000 	C:\WINDOWS\System32\SHCORE.dll
0x00007ffa898d0000 - 0x00007ffa89925000 	C:\WINDOWS\System32\shlwapi.dll
0x00007ffa87970000 - 0x00007ffa8798f000 	C:\WINDOWS\SYSTEM32\profapi.dll
0x00007ffa6e2d0000 - 0x00007ffa6e2ea000 	C:\Program Files\Android\Android Studio\jre\jre\bin\net.dll
0x00007ffa87140000 - 0x00007ffa871aa000 	C:\WINDOWS\system32\mswsock.dll
0x00007ffa6df80000 - 0x00007ffa6df93000 	C:\Program Files\Android\Android Studio\jre\jre\bin\nio.dll
0x00007ffa64b10000 - 0x00007ffa64b37000 	C:\Users\dinij\.gradle\native\49d0259a56938c7f99b2704e745ce422c4f750a7a20b539a32ccef96729676b1\windows-amd64\native-platform.dll
0x00007ffa4add0000 - 0x00007ffa4af66000 	C:\Users\dinij\.gradle\native\12488b8bf47d2d4c9fbf2f6322a914ad602e24e48041cd04a747c6da556b65c4\windows-amd64\native-platform-file-events.dll
0x00007ffa82eb0000 - 0x00007ffa82ebd000 	C:\Program Files\Android\Android Studio\jre\jre\bin\management.dll
0x00007ffa87310000 - 0x00007ffa87328000 	C:\WINDOWS\SYSTEM32\CRYPTSP.dll
0x00007ffa86ae0000 - 0x00007ffa86b14000 	C:\WINDOWS\system32\rsaenh.dll
0x00007ffa88320000 - 0x00007ffa88347000 	C:\WINDOWS\System32\bcrypt.dll
0x00007ffa87930000 - 0x00007ffa8795e000 	C:\WINDOWS\SYSTEM32\USERENV.dll
0x00007ffa87a30000 - 0x00007ffa87ab0000 	C:\WINDOWS\System32\bcryptprimitives.dll
0x00007ffa87330000 - 0x00007ffa8733c000 	C:\WINDOWS\SYSTEM32\CRYPTBASE.dll
0x00007ffa86e30000 - 0x00007ffa86e6b000 	C:\WINDOWS\SYSTEM32\IPHLPAPI.DLL
0x00007ffa88550000 - 0x00007ffa88558000 	C:\WINDOWS\System32\NSI.dll
0x00007ffa85050000 - 0x00007ffa85067000 	C:\WINDOWS\SYSTEM32\dhcpcsvc6.DLL
0x00007ffa85030000 - 0x00007ffa8504d000 	C:\WINDOWS\SYSTEM32\dhcpcsvc.DLL
0x00007ffa86e70000 - 0x00007ffa86f3c000 	C:\WINDOWS\SYSTEM32\DNSAPI.dll
0x00007ffa768e0000 - 0x00007ffa768fe000 	C:\Users\dinij\AppData\Local\Temp\native-platform2021866239791674012dir\native-platform.dll
0x0000000066e00000 - 0x0000000066f03000 	C:\Users\dinij\AppData\Local\Temp\sqlite-3.25.2-f8e9a349-26f2-43ca-93e7-ebc4674dc3af-sqlitejdbc.dll

VM Arguments:
jvm_args: -Xmx2048m -Dfile.encoding=UTF-8 -Duser.country=US -Duser.language=en -Duser.variant 
java_command: org.gradle.launcher.daemon.bootstrap.GradleDaemon 6.9
java_class_path (initial): C:\Users\dinij\.gradle\wrapper\dists\gradle-6.9-bin\2ecsmyp3bolyybemj56vfn4mt\gradle-6.9\lib\gradle-launcher-6.9.jar
Launcher Type: SUN_STANDARD

Environment Variables:
JAVA_HOME=C:\Program Files\jdk-15
PATH=C:\Program Files (x86)\Common Files\Oracle\Java\javapath;C:\Program Files (x86)\Intel\iCLS Client\;C:\Program Files\Intel\iCLS Client\;C:\WINDOWS\system32;C:\WINDOWS;C:\WINDOWS\System32\Wbem;C:\WINDOWS\System32\WindowsPowerShell\v1.0\;C:\Program Files (x86)\Intel\Intel(R) Management Engine Components\DAL;C:\Program Files\Intel\Intel(R) Management Engine Components\DAL;C:\Program Files (x86)\Intel\Intel(R) Management Engine Components\IPT;C:\Program Files\Intel\Intel(R) Management Engine Components\IPT;C:\WINDOWS\System32\OpenSSH\;C:\Program Files\Intel\WiFi\bin\;C:\Program Files\Common Files\Intel\WirelessCommon\;C:\Program Files\Git\cmd;C:\Program Files\jdk-15\bin;C:\Program Files\dotnet\;C:\Program Files\Microsoft SQL Server\130\Tools\Binn\;C:\Program Files\Microsoft SQL Server\Client SDK\ODBC\170\Tools\Binn\;C:\Users\dinij\AppData\Local\Microsoft\WindowsApps;C:\texlive\2018\bin\win32;C:\Users\dinij\.dotnet\tools
USERNAME=dinij
OS=Windows_NT
PROCESSOR_IDENTIFIER=Intel64 Family 6 Model 142 Stepping 10, GenuineIntel



---------------  S Y S T E M  ---------------

OS: Windows 10.0 , 64 bit Build 19041 (10.0.19041.928)

CPU:total 8 (initial active 8) (4 cores per cpu, 2 threads per core) family 6 model 142 stepping 10, cmov, cx8, fxsr, mmx, sse, sse2, sse3, ssse3, sse4.1, sse4.2, popcnt, avx, avx2, aes, clmul, erms, 3dnowpref, lzcnt, ht, tsc, tscinvbit, bmi1, bmi2, adx

Memory: 4k page, physical 4109220k(180056k free), swap 16692132k(5056k free)

vm_info: OpenJDK 64-Bit Server VM (25.242-b01) for windows-amd64 JRE (1.8.0_242-release-1644-b01), built by "builder" with MS VC++ 10.0 (VS2010)

time: Mon Jun 14 03:48:32 2021
timezone: Central European Summer Time
elapsed time: 1142 seconds (0d 0h 19m 2s)

