#
# There is insufficient memory for the Java Runtime Environment to continue.
# Native memory allocation (malloc) failed to allocate 1057296 bytes for Chunk::new
# Possible reasons:
#   The system is out of physical RAM or swap space
#   The process is running with CompressedOops enabled, and the Java Heap may be blocking the growth of the native heap
# Possible solutions:
#   Reduce memory load on the system
#   Increase physical memory or swap space
#   Check if swap backing store is full
#   Decrease Java heap size (-Xmx/-Xms)
#   Decrease number of Java threads
#   Decrease Java thread stack sizes (-Xss)
#   Set larger code cache with -XX:ReservedCodeCacheSize=
#   JVM is running with Unscaled Compressed Oops mode in which the Java heap is
#     placed in the first 4GB address space. The Java Heap base address is the
#     maximum limit for the native heap growth. Please use -XX:HeapBaseMinAddress
#     to set the Java Heap base and to place the Java Heap above 4GB virtual address.
# This output file may be truncated or incomplete.
#
#  Out of Memory Error (allocation.cpp:389), pid=17604, tid=0x0000000000004c34
#
# JRE version: OpenJDK Runtime Environment (8.0_242-b01) (build 1.8.0_242-release-1644-b01)
# Java VM: OpenJDK 64-Bit Server VM (25.242-b01 mixed mode windows-amd64 compressed oops)
# Failed to write core dump. Minidumps are not enabled by default on client versions of Windows
#

---------------  T H R E A D  ---------------

Current thread (0x00000000173a7800):  JavaThread "C2 CompilerThread2" daemon [_thread_in_native, id=19508, stack(0x0000000017e70000,0x0000000017f70000)]

Stack: [0x0000000017e70000,0x0000000017f70000]
[error occurred during error reporting (printing stack bounds), id 0xc0000005]

Native frames: (J=compiled Java code, j=interpreted, Vv=VM code, C=native code)


Current CompileTask:
C2:  18457 4289       4       org.jetbrains.kotlin.com.intellij.psi.impl.source.CharTableImpl::intern (71 bytes)


---------------  P R O C E S S  ---------------

Java Threads: ( => current thread )
  0x000000001743e000 JavaThread "Service Thread" daemon [_thread_blocked, id=18584, stack(0x0000000018070000,0x0000000018170000)]
  0x00000000173ae800 JavaThread "C1 CompilerThread3" daemon [_thread_in_native, id=18820, stack(0x0000000017f70000,0x0000000018070000)]
=>0x00000000173a7800 JavaThread "C2 CompilerThread2" daemon [_thread_in_native, id=19508, stack(0x0000000017e70000,0x0000000017f70000)]
  0x00000000155ac000 JavaThread "C2 CompilerThread1" daemon [_thread_in_native, id=16992, stack(0x0000000017d70000,0x0000000017e70000)]
  0x00000000173a2000 JavaThread "C2 CompilerThread0" daemon [_thread_in_native, id=17128, stack(0x0000000017c70000,0x0000000017d70000)]
  0x00000000173a1000 JavaThread "Attach Listener" daemon [_thread_blocked, id=14560, stack(0x0000000017b70000,0x0000000017c70000)]
  0x00000000173a0000 JavaThread "Signal Dispatcher" daemon [_thread_blocked, id=15672, stack(0x0000000017a70000,0x0000000017b70000)]
  0x0000000017390800 JavaThread "Finalizer" daemon [_thread_blocked, id=17024, stack(0x0000000017870000,0x0000000017970000)]
  0x0000000002b38000 JavaThread "Reference Handler" daemon [_thread_blocked, id=9224, stack(0x0000000017770000,0x0000000017870000)]
  0x000000000293e800 JavaThread "main" [_thread_in_Java, id=3056, stack(0x0000000002940000,0x0000000002a40000)]

Other Threads:
  0x0000000015596000 VMThread [stack: 0x0000000017270000,0x0000000017370000] [id=14312]
  0x0000000017447000 WatcherThread [stack: 0x0000000018170000,0x0000000018270000] [id=16036]

VM state:not at safepoint (normal execution)

VM Mutex/Monitor currently owned by a thread: None

heap address: 0x00000000c1400000, size: 1004 MB, Compressed Oops mode: 32-bit
Narrow klass base: 0x0000000000000000, Narrow klass shift: 3
Compressed class space size: 1073741824 Address: 0x0000000100000000

Heap:
 PSYoungGen      total 87040K, used 54591K [0x00000000eb180000, 0x00000000f3280000, 0x0000000100000000)
  eden space 67584K, 53% used [0x00000000eb180000,0x00000000ed4f64a0,0x00000000ef380000)
  from space 19456K, 93% used [0x00000000ef380000,0x00000000f05599f8,0x00000000f0680000)
  to   space 22016K, 0% used [0x00000000f1d00000,0x00000000f1d00000,0x00000000f3280000)
 ParOldGen       total 82944K, used 31161K [0x00000000c1400000, 0x00000000c6500000, 0x00000000eb180000)
  object space 82944K, 37% used [0x00000000c1400000,0x00000000c326e5c8,0x00000000c6500000)
 Metaspace       used 44640K, capacity 45438K, committed 45952K, reserved 1089536K
  class space    used 5401K, capacity 5639K, committed 5760K, reserved 1048576K

Card table byte_map: [0x0000000011f00000,0x0000000012100000] byte_map_base: 0x00000000118f6000

Marking Bits: (ParMarkBitMap*) 0x00000000622bf030
 Begin Bits: [0x0000000012a50000, 0x0000000013a00000)
 End Bits:   [0x0000000013a00000, 0x00000000149b0000)

Polling page: 0x0000000001000000

CodeCache: size=245760Kb used=14829Kb max_used=14829Kb free=230930Kb
 bounds [0x0000000002b40000, 0x00000000039d0000, 0x0000000011b40000]
 total_blobs=4821 nmethods=4326 adapters=408
 compilation: enabled

Compilation events (10 events):
Event: 18.445 Thread 0x00000000173ae800 nmethod 4550 0x00000000039bad90 code [0x00000000039baee0, 0x00000000039baff0]
Event: 18.445 Thread 0x00000000173ae800 4551       1       org.jetbrains.kotlin.load.java.lazy.descriptors.LazyJavaScope$MethodSignatureData::getReceiverType (5 bytes)
Event: 18.445 Thread 0x00000000173ae800 nmethod 4551 0x00000000039bb050 code [0x00000000039bb1a0, 0x00000000039bb2b0]
Event: 18.447 Thread 0x00000000173ae800 4554       3       org.jetbrains.kotlin.load.java.components.JavaSourceElementFactoryImpl::source (18 bytes)
Event: 18.448 Thread 0x00000000173ae800 nmethod 4554 0x00000000039bb310 code [0x00000000039bb560, 0x00000000039bc218]
Event: 18.448 Thread 0x00000000173ae800 4555       3       org.jetbrains.kotlin.load.java.components.JavaSourceElementImpl::<init> (16 bytes)
Event: 18.448 Thread 0x00000000173ae800 nmethod 4555 0x00000000039bca90 code [0x00000000039bcc60, 0x00000000039bd358]
Event: 18.448 Thread 0x00000000173ae800 4557       3       org.jetbrains.kotlin.load.java.lazy.LazyJavaAnnotations::isEmpty (35 bytes)
Event: 18.448 Thread 0x00000000173ae800 nmethod 4557 0x00000000039bd750 code [0x00000000039bd8e0, 0x00000000039bdd08]
Event: 18.448 Thread 0x00000000173ae800 4558       3       org.jetbrains.kotlin.types.checker.ClassicTypeSystemContext$DefaultImpls::lowerBound (98 bytes)

GC Heap History (10 events):
Event: 3.810 GC heap before
{Heap before GC invocations=7 (full 1):
 PSYoungGen      total 35328K, used 32768K [0x00000000eb180000, 0x00000000f1380000, 0x0000000100000000)
  eden space 32768K, 100% used [0x00000000eb180000,0x00000000ed180000,0x00000000ed180000)
  from space 2560K, 0% used [0x00000000ed180000,0x00000000ed180000,0x00000000ed400000)
  to   space 17408K, 0% used [0x00000000f0280000,0x00000000f0280000,0x00000000f1380000)
 ParOldGen       total 61952K, used 22333K [0x00000000c1400000, 0x00000000c5080000, 0x00000000eb180000)
  object space 61952K, 36% used [0x00000000c1400000,0x00000000c29cf670,0x00000000c5080000)
 Metaspace       used 24752K, capacity 25218K, committed 25344K, reserved 1071104K
  class space    used 3151K, capacity 3314K, committed 3328K, reserved 1048576K
Event: 3.825 GC heap after
Heap after GC invocations=7 (full 1):
 PSYoungGen      total 55808K, used 7178K [0x00000000eb180000, 0x00000000f0a00000, 0x0000000100000000)
  eden space 48128K, 0% used [0x00000000eb180000,0x00000000eb180000,0x00000000ee080000)
  from space 7680K, 93% used [0x00000000f0280000,0x00000000f0982ad0,0x00000000f0a00000)
  to   space 15872K, 0% used [0x00000000eeb00000,0x00000000eeb00000,0x00000000efa80000)
 ParOldGen       total 61952K, used 22341K [0x00000000c1400000, 0x00000000c5080000, 0x00000000eb180000)
  object space 61952K, 36% used [0x00000000c1400000,0x00000000c29d1670,0x00000000c5080000)
 Metaspace       used 24752K, capacity 25218K, committed 25344K, reserved 1071104K
  class space    used 3151K, capacity 3314K, committed 3328K, reserved 1048576K
}
Event: 13.135 GC heap before
{Heap before GC invocations=8 (full 1):
 PSYoungGen      total 55808K, used 55306K [0x00000000eb180000, 0x00000000f0a00000, 0x0000000100000000)
  eden space 48128K, 100% used [0x00000000eb180000,0x00000000ee080000,0x00000000ee080000)
  from space 7680K, 93% used [0x00000000f0280000,0x00000000f0982ad0,0x00000000f0a00000)
  to   space 15872K, 0% used [0x00000000eeb00000,0x00000000eeb00000,0x00000000efa80000)
 ParOldGen       total 61952K, used 22341K [0x00000000c1400000, 0x00000000c5080000, 0x00000000eb180000)
  object space 61952K, 36% used [0x00000000c1400000,0x00000000c29d1670,0x00000000c5080000)
 Metaspace       used 32334K, capacity 32914K, committed 33152K, reserved 1079296K
  class space    used 3984K, capacity 4186K, committed 4224K, reserved 1048576K
Event: 13.156 GC heap after
Heap after GC invocations=8 (full 1):
 PSYoungGen      total 74752K, used 15848K [0x00000000eb180000, 0x00000000f1980000, 0x0000000100000000)
  eden space 58880K, 0% used [0x00000000eb180000,0x00000000eb180000,0x00000000eeb00000)
  from space 15872K, 99% used [0x00000000eeb00000,0x00000000efa7a360,0x00000000efa80000)
  to   space 19456K, 0% used [0x00000000f0680000,0x00000000f0680000,0x00000000f1980000)
 ParOldGen       total 61952K, used 23923K [0x00000000c1400000, 0x00000000c5080000, 0x00000000eb180000)
  object space 61952K, 38% used [0x00000000c1400000,0x00000000c2b5cc58,0x00000000c5080000)
 Metaspace       used 32334K, capacity 32914K, committed 33152K, reserved 1079296K
  class space    used 3984K, capacity 4186K, committed 4224K, reserved 1048576K
}
Event: 14.815 GC heap before
{Heap before GC invocations=9 (full 1):
 PSYoungGen      total 74752K, used 30000K [0x00000000eb180000, 0x00000000f1980000, 0x0000000100000000)
  eden space 58880K, 24% used [0x00000000eb180000,0x00000000ebf51d98,0x00000000eeb00000)
  from space 15872K, 99% used [0x00000000eeb00000,0x00000000efa7a360,0x00000000efa80000)
  to   space 19456K, 0% used [0x00000000f0680000,0x00000000f0680000,0x00000000f1980000)
 ParOldGen       total 61952K, used 23923K [0x00000000c1400000, 0x00000000c5080000, 0x00000000eb180000)
  object space 61952K, 38% used [0x00000000c1400000,0x00000000c2b5cc58,0x00000000c5080000)
 Metaspace       used 34614K, capacity 35166K, committed 35416K, reserved 1081344K
  class space    used 4311K, capacity 4508K, committed 4608K, reserved 1048576K
Event: 14.844 GC heap after
Heap after GC invocations=9 (full 1):
 PSYoungGen      total 87040K, used 12048K [0x00000000eb180000, 0x00000000f2880000, 0x0000000100000000)
  eden space 67584K, 0% used [0x00000000eb180000,0x00000000eb180000,0x00000000ef380000)
  from space 19456K, 61% used [0x00000000f0680000,0x00000000f1244108,0x00000000f1980000)
  to   space 19456K, 0% used [0x00000000ef380000,0x00000000ef380000,0x00000000f0680000)
 ParOldGen       total 61952K, used 23931K [0x00000000c1400000, 0x00000000c5080000, 0x00000000eb180000)
  object space 61952K, 38% used [0x00000000c1400000,0x00000000c2b5ec58,0x00000000c5080000)
 Metaspace       used 34614K, capacity 35166K, committed 35416K, reserved 1081344K
  class space    used 4311K, capacity 4508K, committed 4608K, reserved 1048576K
}
Event: 14.844 GC heap before
{Heap before GC invocations=10 (full 2):
 PSYoungGen      total 87040K, used 12048K [0x00000000eb180000, 0x00000000f2880000, 0x0000000100000000)
  eden space 67584K, 0% used [0x00000000eb180000,0x00000000eb180000,0x00000000ef380000)
  from space 19456K, 61% used [0x00000000f0680000,0x00000000f1244108,0x00000000f1980000)
  to   space 19456K, 0% used [0x00000000ef380000,0x00000000ef380000,0x00000000f0680000)
 ParOldGen       total 61952K, used 23931K [0x00000000c1400000, 0x00000000c5080000, 0x00000000eb180000)
  object space 61952K, 38% used [0x00000000c1400000,0x00000000c2b5ec58,0x00000000c5080000)
 Metaspace       used 34614K, capacity 35166K, committed 35416K, reserved 1081344K
  class space    used 4311K, capacity 4508K, committed 4608K, reserved 1048576K
Event: 14.934 GC heap after
Heap after GC invocations=10 (full 2):
 PSYoungGen      total 87040K, used 0K [0x00000000eb180000, 0x00000000f2880000, 0x0000000100000000)
  eden space 67584K, 0% used [0x00000000eb180000,0x00000000eb180000,0x00000000ef380000)
  from space 19456K, 0% used [0x00000000f0680000,0x00000000f0680000,0x00000000f1980000)
  to   space 19456K, 0% used [0x00000000ef380000,0x00000000ef380000,0x00000000f0680000)
 ParOldGen       total 82944K, used 31138K [0x00000000c1400000, 0x00000000c6500000, 0x00000000eb180000)
  object space 82944K, 37% used [0x00000000c1400000,0x00000000c32689b8,0x00000000c6500000)
 Metaspace       used 34614K, capacity 35166K, committed 35416K, reserved 1081344K
  class space    used 4311K, capacity 4508K, committed 4608K, reserved 1048576K
}
Event: 16.298 GC heap before
{Heap before GC invocations=11 (full 2):
 PSYoungGen      total 87040K, used 67584K [0x00000000eb180000, 0x00000000f2880000, 0x0000000100000000)
  eden space 67584K, 100% used [0x00000000eb180000,0x00000000ef380000,0x00000000ef380000)
  from space 19456K, 0% used [0x00000000f0680000,0x00000000f0680000,0x00000000f1980000)
  to   space 19456K, 0% used [0x00000000ef380000,0x00000000ef380000,0x00000000f0680000)
 ParOldGen       total 82944K, used 31138K [0x00000000c1400000, 0x00000000c6500000, 0x00000000eb180000)
  object space 82944K, 37% used [0x00000000c1400000,0x00000000c32689b8,0x00000000c6500000)
 Metaspace       used 42296K, capacity 43040K, committed 43392K, reserved 1087488K
  class space    used 5192K, capacity 5426K, committed 5504K, reserved 1048576K
Event: 16.319 GC heap after
Heap after GC invocations=11 (full 2):
 PSYoungGen      total 87040K, used 18278K [0x00000000eb180000, 0x00000000f3280000, 0x0000000100000000)
  eden space 67584K, 0% used [0x00000000eb180000,0x00000000eb180000,0x00000000ef380000)
  from space 19456K, 93% used [0x00000000ef380000,0x00000000f05599f8,0x00000000f0680000)
  to   space 22016K, 0% used [0x00000000f1d00000,0x00000000f1d00000,0x00000000f3280000)
 ParOldGen       total 82944K, used 31161K [0x00000000c1400000, 0x00000000c6500000, 0x00000000eb180000)
  object space 82944K, 37% used [0x00000000c1400000,0x00000000c326e5c8,0x00000000c6500000)
 Metaspace       used 42296K, capacity 43040K, committed 43392K, reserved 1087488K
  class space    used 5192K, capacity 5426K, committed 5504K, reserved 1048576K
}

Deoptimization events (10 events):
Event: 17.957 Thread 0x000000000293e800 Uncommon trap: reason=predicate action=maybe_recompile pc=0x000000000348f180 method=org.jetbrains.kotlin.com.intellij.util.text.CharArrayUtil.getChars(Ljava/lang/CharSequence;[CIII)V @ 210
Event: 17.962 Thread 0x000000000293e800 Uncommon trap: reason=unstable_if action=reinterpret pc=0x0000000003891884 method=org.jetbrains.org.objectweb.asm.ClassReader.<init>([BIZ)V @ 28
Event: 18.114 Thread 0x000000000293e800 Uncommon trap: reason=bimorphic action=maybe_recompile pc=0x000000000348b954 method=gnu.trove.TObjectHash.index(Ljava/lang/Object;)I @ 22
Event: 18.117 Thread 0x000000000293e800 Uncommon trap: reason=bimorphic action=maybe_recompile pc=0x000000000348b954 method=gnu.trove.TObjectHash.index(Ljava/lang/Object;)I @ 22
Event: 18.121 Thread 0x000000000293e800 Uncommon trap: reason=predicate action=maybe_recompile pc=0x000000000363ad04 method=java.util.regex.Pattern$Start.match(Ljava/util/regex/Matcher;ILjava/lang/CharSequence;)Z @ 37
Event: 18.121 Thread 0x000000000293e800 Uncommon trap: reason=unstable_if action=reinterpret pc=0x0000000003811aac method=java.lang.AbstractStringBuilder.append(Ljava/lang/CharSequence;)Ljava/lang/AbstractStringBuilder; @ 29
Event: 18.177 Thread 0x000000000293e800 Uncommon trap: reason=bimorphic action=maybe_recompile pc=0x000000000348b954 method=gnu.trove.TObjectHash.index(Ljava/lang/Object;)I @ 22
Event: 18.177 Thread 0x000000000293e800 Uncommon trap: reason=bimorphic action=maybe_recompile pc=0x000000000348b954 method=gnu.trove.TObjectHash.index(Ljava/lang/Object;)I @ 22
Event: 18.183 Thread 0x000000000293e800 Uncommon trap: reason=bimorphic action=maybe_recompile pc=0x00000000037cb0e8 method=gnu.trove.TObjectHash.index(Ljava/lang/Object;)I @ 22
Event: 18.338 Thread 0x000000000293e800 Uncommon trap: reason=unstable_if action=reinterpret pc=0x0000000003818bac method=org.jetbrains.org.objectweb.asm.Type.getDescriptor()Ljava/lang/String; @ 35

Classes redefined (0 events):
No events

Internal exceptions (10 events):
Event: 15.952 Thread 0x000000000293e800 Exception <a 'java/lang/NoSuchMethodError': java.lang.Object.lambda$static$57()Lorg/jetbrains/kotlin/com/intellij/lang/ASTNode;> (0x00000000ed8838d8) thrown at [C:\src\AOSP-openjdk-git\hotspot\src\share\vm\interpreter\linkResolver.cpp, line 620]
Event: 15.955 Thread 0x000000000293e800 Exception <a 'java/lang/NoSuchMethodError': java.lang.Object.lambda$static$0(I)[Lorg/jetbrains/kotlin/com/intellij/psi/PsiClass;> (0x00000000ed8941c0) thrown at [C:\src\AOSP-openjdk-git\hotspot\src\share\vm\interpreter\linkResolver.cpp, line 620]
Event: 15.957 Thread 0x000000000293e800 Exception <a 'java/lang/NoSuchMethodError': java.lang.Object.lambda$static$0()Lorg/jetbrains/kotlin/com/intellij/lang/ASTNode;> (0x00000000ed8ac0d8) thrown at [C:\src\AOSP-openjdk-git\hotspot\src\share\vm\interpreter\linkResolver.cpp, line 620]
Event: 15.957 Thread 0x000000000293e800 Exception <a 'java/lang/NoSuchMethodError': java.lang.Object.lambda$static$1()Lorg/jetbrains/kotlin/com/intellij/lang/ASTNode;> (0x00000000ed8af018) thrown at [C:\src\AOSP-openjdk-git\hotspot\src\share\vm\interpreter\linkResolver.cpp, line 620]
Event: 15.958 Thread 0x000000000293e800 Exception <a 'java/lang/NoSuchMethodError': java.lang.Object.lambda$static$2()Lorg/jetbrains/kotlin/com/intellij/lang/ASTNode;> (0x00000000ed8b1e50) thrown at [C:\src\AOSP-openjdk-git\hotspot\src\share\vm\interpreter\linkResolver.cpp, line 620]
Event: 15.958 Thread 0x000000000293e800 Exception <a 'java/lang/NoSuchMethodError': java.lang.Object.lambda$static$3()Lorg/jetbrains/kotlin/com/intellij/lang/ASTNode;> (0x00000000ed8b4c80) thrown at [C:\src\AOSP-openjdk-git\hotspot\src\share\vm\interpreter\linkResolver.cpp, line 620]
Event: 15.992 Thread 0x000000000293e800 Implicit null exception at 0x00000000034ee377 to 0x00000000034f39bd
Event: 15.999 Thread 0x000000000293e800 Exception <a 'java/lang/NoSuchMethodError': java.lang.Object.lambda$static$0(I)[Lorg/jetbrains/kotlin/com/intellij/psi/PsiReference;> (0x00000000eda3bce8) thrown at [C:\src\AOSP-openjdk-git\hotspot\src\share\vm\interpreter\linkResolver.cpp, line 620]
Event: 16.017 Thread 0x000000000293e800 Exception <a 'java/lang/NoSuchMethodError': java.lang.Object.lambda$static$0(I)[Lorg/jetbrains/kotlin/com/intellij/psi/PsiTypeElement;> (0x00000000edad07a0) thrown at [C:\src\AOSP-openjdk-git\hotspot\src\share\vm\interpreter\linkResolver.cpp, line 620]
Event: 16.052 Thread 0x000000000293e800 Exception <a 'java/lang/NoSuchMethodError': java.lang.Object.lambda$static$0(I)[Lorg/jetbrains/kotlin/com/intellij/psi/PsiTypeParameter;> (0x00000000edbf8c60) thrown at [C:\src\AOSP-openjdk-git\hotspot\src\share\vm\interpreter\linkResolver.cpp, line 620]

Events (10 events):
Event: 18.368 loading class org/jetbrains/kotlin/types/TypeCapabilitiesKt
Event: 18.368 loading class org/jetbrains/kotlin/types/TypeCapabilitiesKt done
Event: 18.369 loading class org/jetbrains/kotlin/load/java/ErasedOverridabilityCondition$WhenMappings
Event: 18.369 loading class org/jetbrains/kotlin/load/java/ErasedOverridabilityCondition$WhenMappings done
Event: 18.373 loading class org/jetbrains/kotlin/descriptors/impl/FunctionDescriptorImpl$1
Event: 18.373 loading class org/jetbrains/kotlin/descriptors/impl/FunctionDescriptorImpl$1 done
Event: 18.389 loading class org/jetbrains/kotlin/builtins/KotlinBuiltIns$Primitives
Event: 18.389 loading class org/jetbrains/kotlin/builtins/KotlinBuiltIns$Primitives done
Event: 18.390 loading class org/jetbrains/kotlin/load/java/structure/ListBasedJavaAnnotationOwner$DefaultImpls
Event: 18.390 loading class org/jetbrains/kotlin/load/java/structure/ListBasedJavaAnnotationOwner$DefaultImpls done


Dynamic libraries:
0x00007ff60bc40000 - 0x00007ff60bc71000 	C:\Program Files\Android\Android Studio\jre\jre\bin\java.exe
0x00007ffa8a2f0000 - 0x00007ffa8a4e5000 	C:\WINDOWS\SYSTEM32\ntdll.dll
0x00007ffa8a010000 - 0x00007ffa8a0cd000 	C:\WINDOWS\System32\KERNEL32.DLL
0x00007ffa87e20000 - 0x00007ffa880e8000 	C:\WINDOWS\System32\KERNELBASE.dll
0x00007ffa89130000 - 0x00007ffa891dc000 	C:\WINDOWS\System32\ADVAPI32.dll
0x00007ffa88710000 - 0x00007ffa887ae000 	C:\WINDOWS\System32\msvcrt.dll
0x00007ffa887b0000 - 0x00007ffa8884b000 	C:\WINDOWS\System32\sechost.dll
0x00007ffa888b0000 - 0x00007ffa889db000 	C:\WINDOWS\System32\RPCRT4.dll
0x00007ffa88350000 - 0x00007ffa884f0000 	C:\WINDOWS\System32\USER32.dll
0x00007ffa881f0000 - 0x00007ffa88212000 	C:\WINDOWS\System32\win32u.dll
0x00007ffa8a0d0000 - 0x00007ffa8a0fa000 	C:\WINDOWS\System32\GDI32.dll
0x00007ffa87bb0000 - 0x00007ffa87cbb000 	C:\WINDOWS\System32\gdi32full.dll
0x00007ffa87ab0000 - 0x00007ffa87b4d000 	C:\WINDOWS\System32\msvcp_win.dll
0x00007ffa880f0000 - 0x00007ffa881f0000 	C:\WINDOWS\System32\ucrtbase.dll
0x00007ffa76970000 - 0x00007ffa76c0a000 	C:\WINDOWS\WinSxS\amd64_microsoft.windows.common-controls_6595b64144ccf1df_6.0.19041.844_none_ca00b6081b84eb1d\COMCTL32.dll
0x00007ffa89de0000 - 0x00007ffa89e10000 	C:\WINDOWS\System32\IMM32.DLL
0x00000000615f0000 - 0x00000000616c2000 	C:\Program Files\Android\Android Studio\jre\jre\bin\msvcr100.dll
0x0000000061af0000 - 0x000000006233b000 	C:\Program Files\Android\Android Studio\jre\jre\bin\server\jvm.dll
0x00007ffa886a0000 - 0x00007ffa886a8000 	C:\WINDOWS\System32\PSAPI.DLL
0x00007ffa734c0000 - 0x00007ffa734c9000 	C:\WINDOWS\SYSTEM32\WSOCK32.dll
0x00007ffa7fb70000 - 0x00007ffa7fb7a000 	C:\WINDOWS\SYSTEM32\VERSION.dll
0x00007ffa89d70000 - 0x00007ffa89ddb000 	C:\WINDOWS\System32\WS2_32.dll
0x00007ffa76f20000 - 0x00007ffa76f47000 	C:\WINDOWS\SYSTEM32\WINMM.dll
0x00007ffa82ff0000 - 0x00007ffa82fff000 	C:\Program Files\Android\Android Studio\jre\jre\bin\verify.dll
0x00007ffa6e2c0000 - 0x00007ffa6e2e9000 	C:\Program Files\Android\Android Studio\jre\jre\bin\java.dll
0x00007ffa768e0000 - 0x00007ffa768f6000 	C:\Program Files\Android\Android Studio\jre\jre\bin\zip.dll
0x00007ffa889e0000 - 0x00007ffa89122000 	C:\WINDOWS\System32\SHELL32.dll
0x00007ffa85a60000 - 0x00007ffa861f0000 	C:\WINDOWS\SYSTEM32\windows.storage.dll
0x00007ffa89a10000 - 0x00007ffa89d65000 	C:\WINDOWS\System32\combase.dll
0x00007ffa873d0000 - 0x00007ffa873fc000 	C:\WINDOWS\SYSTEM32\Wldp.dll
0x00007ffa89f60000 - 0x00007ffa8a00e000 	C:\WINDOWS\System32\SHCORE.dll
0x00007ffa898d0000 - 0x00007ffa89925000 	C:\WINDOWS\System32\shlwapi.dll
0x00007ffa87970000 - 0x00007ffa8798f000 	C:\WINDOWS\SYSTEM32\profapi.dll
0x00007ffa6e100000 - 0x00007ffa6e11a000 	C:\Program Files\Android\Android Studio\jre\jre\bin\net.dll
0x00007ffa87140000 - 0x00007ffa871aa000 	C:\WINDOWS\system32\mswsock.dll
0x00007ffa6e0e0000 - 0x00007ffa6e0f3000 	C:\Program Files\Android\Android Studio\jre\jre\bin\nio.dll

VM Arguments:
java_command: org.jetbrains.kotlin.cli.jvm.K2JVMCompiler @C:\Users\dinij\AndroidStudioProjects\master\app\build\20210614_6872252621695992975.compiler.options
java_class_path (initial): C:\Users\dinij\.gradle\caches\modules-2\files-2.1\org.jetbrains.kotlin\kotlin-compiler-embeddable\1.4.32\b4fc9be460ca88eecea2303e142ce2920bd14775\kotlin-compiler-embeddable-1.4.32.jar;C:\Users\dinij\.gradle\caches\modules-2\files-2.1\org.jetbrains.kotlin\kotlin-reflect\1.4.32\ce852b166d97f0f1991b5130c2bb02e2ef6c554e\kotlin-reflect-1.4.32.jar;C:\Users\dinij\.gradle\caches\modules-2\files-2.1\org.jetbrains.kotlin\kotlin-stdlib\1.4.32\461367948840adbb0839c51d91ed74ef4a9ccb52\kotlin-stdlib-1.4.32.jar;C:\Users\dinij\.gradle\caches\modules-2\files-2.1\org.jetbrains.kotlin\kotlin-script-runtime\1.4.32\bac50b0748be017dbc13fc1cb7231b1c9da0e106\kotlin-script-runtime-1.4.32.jar;C:\Users\dinij\.gradle\caches\modules-2\files-2.1\org.jetbrains.kotlin\kotlin-daemon-embeddable\1.4.32\b40c5de5adea26ebb4e5fc36945c482ac20acee2\kotlin-daemon-embeddable-1.4.32.jar;C:\Users\dinij\.gradle\caches\modules-2\files-2.1\org.jetbrains.intellij.deps\trove4j\1.0.20181211\216c2e14b070f334479d800987affe4054cd563f\trove4j-1.0.20181211.jar;C:\Users\dinij\.gradle\caches\modules-2\files-2.1\org.jetbrains.kotlin\kotlin-stdlib-common\1.4.32\ef50bfa2c0491a11dcc35d9822edbfd6170e1ea2\kotlin-stdlib-common-1.4.32.jar;C:\Users\dinij\.gradle\caches\modules-2\files-2.1\org.jetbrains\annotations\13.0\919f0dfe192fb4e063e7dacadee7f8bb9a2672a9\annotations-13.0.jar;C:\Program Files\Android\Android Studio\jre\lib\tools.jar
Launcher Type: SUN_STANDARD

Environment Variables:
JAVA_HOME=C:\Program Files\jdk-15
PATH=C:\Program Files (x86)\Common Files\Oracle\Java\javapath;C:\Program Files (x86)\Intel\iCLS Client\;C:\Program Files\Intel\iCLS Client\;C:\WINDOWS\system32;C:\WINDOWS;C:\WINDOWS\System32\Wbem;C:\WINDOWS\System32\WindowsPowerShell\v1.0\;C:\Program Files (x86)\Intel\Intel(R) Management Engine Components\DAL;C:\Program Files\Intel\Intel(R) Management Engine Components\DAL;C:\Program Files (x86)\Intel\Intel(R) Management Engine Components\IPT;C:\Program Files\Intel\Intel(R) Management Engine Components\IPT;C:\WINDOWS\System32\OpenSSH\;C:\Program Files\Intel\WiFi\bin\;C:\Program Files\Common Files\Intel\WirelessCommon\;C:\Program Files\Git\cmd;C:\Program Files\jdk-15\bin;C:\Program Files\dotnet\;C:\Program Files\Microsoft SQL Server\130\Tools\Binn\;C:\Program Files\Microsoft SQL Server\Client SDK\ODBC\170\Tools\Binn\;C:\Users\dinij\AppData\Local\Microsoft\WindowsApps;C:\texlive\2018\bin\win32;C:\Users\dinij\.dotnet\tools
USERNAME=dinij
OS=Windows_NT
PROCESSOR_IDENTIFIER=Intel64 Family 6 Model 142 Stepping 10, GenuineIntel



---------------  S Y S T E M  ---------------

OS: Windows 10.0 , 64 bit Build 19041 (10.0.19041.928)

CPU:total 8 (initial active 8) (4 cores per cpu, 2 threads per core) family 6 model 142 stepping 10, cmov, cx8, fxsr, mmx, sse, sse2, sse3, ssse3, sse4.1, sse4.2, popcnt, avx, avx2, aes, clmul, erms, 3dnowpref, lzcnt, ht, tsc, tscinvbit, bmi1, bmi2, adx

Memory: 4k page, physical 4109220k(304304k free), swap 16692132k(2744k free)

vm_info: OpenJDK 64-Bit Server VM (25.242-b01) for windows-amd64 JRE (1.8.0_242-release-1644-b01), built by "builder" with MS VC++ 10.0 (VS2010)

time: Mon Jun 14 03:20:44 2021
timezone: Central European Summer Time
elapsed time: 18 seconds (0d 0h 0m 18s)

